[debug] [2020-09-17T12:58:51.308Z] ----------------------------------------------------------------------
[debug] [2020-09-17T12:58:51.318Z] Command:       C:\Program Files\nodejs\node.exe C:\Users\Ahmed Ali\AppData\Roaming\npm\node_modules\firebase-tools\lib\bin\firebase.js emulators:start
[debug] [2020-09-17T12:58:51.319Z] CLI Version:   8.10.0
[debug] [2020-09-17T12:58:51.319Z] Platform:      win32
[debug] [2020-09-17T12:58:51.320Z] Node Version:  v12.17.0
[debug] [2020-09-17T12:58:51.321Z] Time:          Thu Sep 17 2020 17:58:51 GMT+0500 (Pakistan Standard Time)
[debug] [2020-09-17T12:58:51.322Z] ----------------------------------------------------------------------
[debug] [2020-09-17T12:58:51.323Z] 
[debug] [2020-09-17T12:58:51.359Z] > command requires scopes: ["email","openid","https://www.googleapis.com/auth/cloudplatformprojects.readonly","https://www.googleapis.com/auth/firebase","https://www.googleapis.com/auth/cloud-platform"]
[debug] [2020-09-17T12:58:51.360Z] > authorizing via signed-in user
[info] i  emulators: Starting emulators: functions, hosting {"metadata":{"emulator":{"name":"hub"},"message":"Starting emulators: functions, hosting"}}
[debug] [2020-09-17T12:58:52.457Z] [hub] writing locator at C:\Users\AHMEDA~1\AppData\Local\Temp\hub-clone-590aa.json
[warn] !  functions: The following emulators are not running, calls to these services from the Functions emulator will affect production: firestore, database, pubsub {"metadata":{"emulator":{"name":"functions"},"message":"The following emulators are not running, calls to these services from the Functions emulator will affect production: \u001b[1mfirestore, database, pubsub\u001b[22m"}}
[warn] !  Your requested "node" version "10" doesn't match your global version "12" {"metadata":{"emulator":{"name":"functions"},"message":"Your requested \"node\" version \"10\" doesn't match your global version \"12\""}}
[debug] [2020-09-17T12:58:53.526Z] defaultcredentials: writing to file C:\Users\Ahmed Ali\AppData\Roaming\firebase\imahmedali1999_gmail_com_application_default_credentials.json
[debug] [2020-09-17T12:58:53.532Z] Setting GAC to C:\Users\Ahmed Ali\AppData\Roaming\firebase\imahmedali1999_gmail_com_application_default_credentials.json {"metadata":{"emulator":{"name":"functions"},"message":"Setting GAC to C:\\Users\\Ahmed Ali\\AppData\\Roaming\\firebase\\imahmedali1999_gmail_com_application_default_credentials.json"}}
[debug] [2020-09-17T12:58:54.557Z] > refreshing access token with scopes: ["email","https://www.googleapis.com/auth/cloud-platform","https://www.googleapis.com/auth/cloudplatformprojects.readonly","https://www.googleapis.com/auth/firebase","openid"]
[debug] [2020-09-17T12:58:54.558Z] >>> HTTP REQUEST POST https://www.googleapis.com/oauth2/v3/token  
 <request body omitted>
[debug] [2020-09-17T12:58:54.937Z] <<< HTTP RESPONSE 200 {"content-type":"application/json; charset=utf-8","vary":"X-Origin, Referer, Origin,Accept-Encoding","date":"Thu, 17 Sep 2020 12:58:54 GMT","server":"scaffolding on HTTPServer2","cache-control":"private","x-xss-protection":"0","x-frame-options":"SAMEORIGIN","x-content-type-options":"nosniff","alt-svc":"h3-29=\":443\"; ma=2592000,h3-27=\":443\"; ma=2592000,h3-T051=\":443\"; ma=2592000,h3-T050=\":443\"; ma=2592000,h3-Q050=\":443\"; ma=2592000,h3-Q046=\":443\"; ma=2592000,h3-Q043=\":443\"; ma=2592000,quic=\":443\"; ma=2592000; v=\"46,43\"","accept-ranges":"none","transfer-encoding":"chunked"}
[debug] [2020-09-17T12:58:54.963Z] >>> HTTP REQUEST GET https://firebase.googleapis.com/v1beta1/projects/clone-590aa/webApps/-/config  
 
[debug] [2020-09-17T12:58:56.337Z] <<< HTTP RESPONSE 200 {"content-type":"application/json; charset=UTF-8","vary":"X-Origin, Referer, Origin,Accept-Encoding","date":"Thu, 17 Sep 2020 12:58:56 GMT","server":"ESF","cache-control":"private","x-xss-protection":"0","x-frame-options":"SAMEORIGIN","x-content-type-options":"nosniff","alt-svc":"h3-29=\":443\"; ma=2592000,h3-27=\":443\"; ma=2592000,h3-T051=\":443\"; ma=2592000,h3-T050=\":443\"; ma=2592000,h3-Q050=\":443\"; ma=2592000,h3-Q046=\":443\"; ma=2592000,h3-Q043=\":443\"; ma=2592000,quic=\":443\"; ma=2592000; v=\"46,43\"","accept-ranges":"none","transfer-encoding":"chunked"}
[info] i  hosting: Serving hosting files from: build {"metadata":{"emulator":{"name":"hosting"},"message":"Serving hosting files from: \u001b[1mbuild\u001b[22m"}}
[info] +  hosting: Local server: http://localhost:5000 {"metadata":{"emulator":{"name":"hosting"},"message":"Local server: \u001b[4m\u001b[1mhttp://localhost:5000\u001b[22m\u001b[24m"}}
[info] i  ui: downloading ui-v1.1.1.zip... {"metadata":{"emulator":{"name":"ui"},"message":"downloading ui-v1.1.1.zip..."}}
[debug] [2020-09-17T12:59:05.320Z] Ignoring unsupported arg: auto_download {"metadata":{"emulator":{"name":"ui"},"message":"Ignoring unsupported arg: auto_download"}}
[debug] [2020-09-17T12:59:05.321Z] Ignoring unsupported arg: port {"metadata":{"emulator":{"name":"ui"},"message":"Ignoring unsupported arg: port"}}
[debug] [2020-09-17T12:59:05.321Z] Starting Emulator UI with command {"binary":"node","args":["C:\\Users\\Ahmed Ali\\.cache\\firebase\\emulators\\ui-v1.1.1\\server.bundle.js"],"optionalArgs":[],"joinArgs":false} {"metadata":{"emulator":{"name":"ui"},"message":"Starting Emulator UI with command {\"binary\":\"node\",\"args\":[\"C:\\\\Users\\\\Ahmed Ali\\\\.cache\\\\firebase\\\\emulators\\\\ui-v1.1.1\\\\server.bundle.js\"],\"optionalArgs\":[],\"joinArgs\":false}"}}
[info] i  ui: Emulator UI logging to ui-debug.log {"metadata":{"emulator":{"name":"ui"},"message":"Emulator UI logging to \u001b[1mui-debug.log\u001b[22m"}}
[debug] [2020-09-17T12:59:05.512Z] Web / API server started at http://localhost:4000
 {"metadata":{"emulator":{"name":"ui"},"message":"Web / API server started at http://localhost:4000\n"}}
[info] i  functions: Watching "E:\Programming\Programming_Projects\amazon-clone\functions" for Cloud Functions... {"metadata":{"emulator":{"name":"functions"},"message":"Watching \"E:\\Programming\\Programming_Projects\\amazon-clone\\functions\" for Cloud Functions..."}}
[debug] [2020-09-17T12:59:05.882Z] [worker-pool] addWorker(~diagnostic~) {"metadata":{"emulator":{"name":"functions"},"message":"[worker-pool] addWorker(~diagnostic~)"}}
[debug] [2020-09-17T12:59:05.882Z] [worker-pool] Adding worker with key ~diagnostic~, total=1 {"metadata":{"emulator":{"name":"functions"},"message":"[worker-pool] Adding worker with key ~diagnostic~, total=1"}}
[debug] [2020-09-17T12:59:05.882Z] [worker-pool] submitWork(triggerId=) {"metadata":{"emulator":{"name":"functions"},"message":"[worker-pool] submitWork(triggerId=)"}}
[debug] [2020-09-17T12:59:05.883Z] [worker-~diagnostic~-b535c1f9-07e3-460c-a8b8-be52334ac5ff]: Assigning socketPath: \\?\pipe\E:\Programming\Programming_Projects\amazon-clone\functions\12536 {"metadata":{"emulator":{"name":"functions"},"message":"[worker-~diagnostic~-b535c1f9-07e3-460c-a8b8-be52334ac5ff]: Assigning socketPath: \\\\?\\pipe\\E:\\Programming\\Programming_Projects\\amazon-clone\\functions\\12536"}}
[debug] [2020-09-17T12:59:05.884Z] [worker-~diagnostic~-b535c1f9-07e3-460c-a8b8-be52334ac5ff]: BUSY {"metadata":{"emulator":{"name":"functions"},"message":"[worker-~diagnostic~-b535c1f9-07e3-460c-a8b8-be52334ac5ff]: BUSY"}}
[debug] [2020-09-17T12:59:06.638Z] [runtime-status] [12536] Functions runtime initialized. {"cwd":"E:\\Programming\\Programming_Projects\\amazon-clone\\functions","node_version":"12.17.0"} {"metadata":{"emulator":{"name":"functions"},"message":"[runtime-status] [12536] Functions runtime initialized. {\"cwd\":\"E:\\\\Programming\\\\Programming_Projects\\\\amazon-clone\\\\functions\",\"node_version\":\"12.17.0\"}"}}
[debug] [2020-09-17T12:59:06.646Z] [runtime-status] [12536] Disabled runtime features: undefined {"metadata":{"emulator":{"name":"functions"},"message":"[runtime-status] [12536] Disabled runtime features: undefined"}}
[debug] [2020-09-17T12:59:06.656Z] [runtime-status] [12536] Resolved module firebase-admin {"declared":true,"installed":true,"version":"8.13.0","resolution":"E:\\Programming\\Programming_Projects\\amazon-clone\\functions\\node_modules\\firebase-admin\\lib\\index.js"} {"metadata":{"emulator":{"name":"functions"},"message":"[runtime-status] [12536] Resolved module firebase-admin {\"declared\":true,\"installed\":true,\"version\":\"8.13.0\",\"resolution\":\"E:\\\\Programming\\\\Programming_Projects\\\\amazon-clone\\\\functions\\\\node_modules\\\\firebase-admin\\\\lib\\\\index.js\"}"}}
[debug] [2020-09-17T12:59:06.660Z] [runtime-status] [12536] Resolved module firebase-functions {"declared":true,"installed":true,"version":"3.11.0","resolution":"E:\\Programming\\Programming_Projects\\amazon-clone\\functions\\node_modules\\firebase-functions\\lib\\index.js"} {"metadata":{"emulator":{"name":"functions"},"message":"[runtime-status] [12536] Resolved module firebase-functions {\"declared\":true,\"installed\":true,\"version\":\"3.11.0\",\"resolution\":\"E:\\\\Programming\\\\Programming_Projects\\\\amazon-clone\\\\functions\\\\node_modules\\\\firebase-functions\\\\lib\\\\index.js\"}"}}
[debug] [2020-09-17T12:59:06.661Z] [runtime-status] [12536] Resolved module firebase-functions {"declared":true,"installed":true,"version":"3.11.0","resolution":"E:\\Programming\\Programming_Projects\\amazon-clone\\functions\\node_modules\\firebase-functions\\lib\\index.js"} {"metadata":{"emulator":{"name":"functions"},"message":"[runtime-status] [12536] Resolved module firebase-functions {\"declared\":true,\"installed\":true,\"version\":\"3.11.0\",\"resolution\":\"E:\\\\Programming\\\\Programming_Projects\\\\amazon-clone\\\\functions\\\\node_modules\\\\firebase-functions\\\\lib\\\\index.js\"}"}}
[debug] [2020-09-17T12:59:06.665Z] [runtime-status] [12536] Outgoing network have been stubbed. [{"name":"http","status":"mocked"},{"name":"http","status":"mocked"},{"name":"https","status":"mocked"},{"name":"https","status":"mocked"},{"name":"net","status":"mocked"}] {"metadata":{"emulator":{"name":"functions"},"message":"[runtime-status] [12536] Outgoing network have been stubbed. [{\"name\":\"http\",\"status\":\"mocked\"},{\"name\":\"http\",\"status\":\"mocked\"},{\"name\":\"https\",\"status\":\"mocked\"},{\"name\":\"https\",\"status\":\"mocked\"},{\"name\":\"net\",\"status\":\"mocked\"}]"}}
[debug] [2020-09-17T12:59:06.666Z] [runtime-status] [12536] Resolved module firebase-functions {"declared":true,"installed":true,"version":"3.11.0","resolution":"E:\\Programming\\Programming_Projects\\amazon-clone\\functions\\node_modules\\firebase-functions\\lib\\index.js"} {"metadata":{"emulator":{"name":"functions"},"message":"[runtime-status] [12536] Resolved module firebase-functions {\"declared\":true,\"installed\":true,\"version\":\"3.11.0\",\"resolution\":\"E:\\\\Programming\\\\Programming_Projects\\\\amazon-clone\\\\functions\\\\node_modules\\\\firebase-functions\\\\lib\\\\index.js\"}"}}
[debug] [2020-09-17T12:59:07.136Z] [runtime-status] [12536] Checked functions.config() {"config":{}} {"metadata":{"emulator":{"name":"functions"},"message":"[runtime-status] [12536] Checked functions.config() {\"config\":{}}"}}
[debug] [2020-09-17T12:59:07.137Z] [runtime-status] [12536] firebase-functions has been stubbed. {"functionsResolution":{"declared":true,"installed":true,"version":"3.11.0","resolution":"E:\\Programming\\Programming_Projects\\amazon-clone\\functions\\node_modules\\firebase-functions\\lib\\index.js"}} {"metadata":{"emulator":{"name":"functions"},"message":"[runtime-status] [12536] firebase-functions has been stubbed. {\"functionsResolution\":{\"declared\":true,\"installed\":true,\"version\":\"3.11.0\",\"resolution\":\"E:\\\\Programming\\\\Programming_Projects\\\\amazon-clone\\\\functions\\\\node_modules\\\\firebase-functions\\\\lib\\\\index.js\"}}"}}
[debug] [2020-09-17T12:59:07.139Z] [runtime-status] [12536] Resolved module firebase-functions {"declared":true,"installed":true,"version":"3.11.0","resolution":"E:\\Programming\\Programming_Projects\\amazon-clone\\functions\\node_modules\\firebase-functions\\lib\\index.js"} {"metadata":{"emulator":{"name":"functions"},"message":"[runtime-status] [12536] Resolved module firebase-functions {\"declared\":true,\"installed\":true,\"version\":\"3.11.0\",\"resolution\":\"E:\\\\Programming\\\\Programming_Projects\\\\amazon-clone\\\\functions\\\\node_modules\\\\firebase-functions\\\\lib\\\\index.js\"}"}}
[debug] [2020-09-17T12:59:07.143Z] [runtime-status] [12536] Resolved module firebase-admin {"declared":true,"installed":true,"version":"8.13.0","resolution":"E:\\Programming\\Programming_Projects\\amazon-clone\\functions\\node_modules\\firebase-admin\\lib\\index.js"} {"metadata":{"emulator":{"name":"functions"},"message":"[runtime-status] [12536] Resolved module firebase-admin {\"declared\":true,\"installed\":true,\"version\":\"8.13.0\",\"resolution\":\"E:\\\\Programming\\\\Programming_Projects\\\\amazon-clone\\\\functions\\\\node_modules\\\\firebase-admin\\\\lib\\\\index.js\"}"}}
[debug] [2020-09-17T12:59:07.146Z] [runtime-status] [12536] Resolved module firebase-functions {"declared":true,"installed":true,"version":"3.11.0","resolution":"E:\\Programming\\Programming_Projects\\amazon-clone\\functions\\node_modules\\firebase-functions\\lib\\index.js"} {"metadata":{"emulator":{"name":"functions"},"message":"[runtime-status] [12536] Resolved module firebase-functions {\"declared\":true,\"installed\":true,\"version\":\"3.11.0\",\"resolution\":\"E:\\\\Programming\\\\Programming_Projects\\\\amazon-clone\\\\functions\\\\node_modules\\\\firebase-functions\\\\lib\\\\index.js\"}"}}
[debug] [2020-09-17T12:59:07.147Z] [runtime-status] [12536] firebase-admin has been stubbed. {"adminResolution":{"declared":true,"installed":true,"version":"8.13.0","resolution":"E:\\Programming\\Programming_Projects\\amazon-clone\\functions\\node_modules\\firebase-admin\\lib\\index.js"}} {"metadata":{"emulator":{"name":"functions"},"message":"[runtime-status] [12536] firebase-admin has been stubbed. {\"adminResolution\":{\"declared\":true,\"installed\":true,\"version\":\"8.13.0\",\"resolution\":\"E:\\\\Programming\\\\Programming_Projects\\\\amazon-clone\\\\functions\\\\node_modules\\\\firebase-admin\\\\lib\\\\index.js\"}}"}}
[info] +  functions[api]: http function initialized (http://localhost:5001/clone-590aa/us-central1/api). {"metadata":{"emulator":{"name":"functions"},"message":"\u001b[1mhttp\u001b[22m function initialized (http://localhost:5001/clone-590aa/us-central1/api)."}}
[info] 
┌───────────────────────────────────────────────────────────────────────┐
│ ✔  All emulators ready! View status and logs at http://localhost:4000 │
└───────────────────────────────────────────────────────────────────────┘

┌───────────┬────────────────┬─────────────────────────────────┐
│ Emulator  │ Host:Port      │ View in Emulator UI             │
├───────────┼────────────────┼─────────────────────────────────┤
│ Functions │ localhost:5001 │ http://localhost:4000/functions │
├───────────┼────────────────┼─────────────────────────────────┤
│ Hosting   │ localhost:5000 │ n/a                             │
└───────────┴────────────────┴─────────────────────────────────┘
  Other reserved ports: 4400, 4500

Issues? Report them at https://github.com/firebase/firebase-tools/issues and attach the *-debug.log files.
 
[debug] [2020-09-17T12:59:08.541Z] [worker-~diagnostic~-b535c1f9-07e3-460c-a8b8-be52334ac5ff]: IDLE {"metadata":{"emulator":{"name":"functions"},"message":"[worker-~diagnostic~-b535c1f9-07e3-460c-a8b8-be52334ac5ff]: IDLE"}}
[debug] [2020-09-17T12:59:27.010Z] File E:\Programming\Programming_Projects\amazon-clone\functions\index.js changed, reloading triggers {"metadata":{"emulator":{"name":"functions"},"message":"File E:\\Programming\\Programming_Projects\\amazon-clone\\functions\\index.js changed, reloading triggers"}}
[debug] [2020-09-17T12:59:28.011Z] [worker-pool] Shutting down IDLE worker (~diagnostic~) {"metadata":{"emulator":{"name":"functions"},"message":"[worker-pool] Shutting down IDLE worker (~diagnostic~)"}}
[debug] [2020-09-17T12:59:28.012Z] [worker-~diagnostic~-b535c1f9-07e3-460c-a8b8-be52334ac5ff]: FINISHING {"metadata":{"emulator":{"name":"functions"},"message":"[worker-~diagnostic~-b535c1f9-07e3-460c-a8b8-be52334ac5ff]: FINISHING"}}
[debug] [2020-09-17T12:59:28.022Z] [worker-pool] addWorker(~diagnostic~) {"metadata":{"emulator":{"name":"functions"},"message":"[worker-pool] addWorker(~diagnostic~)"}}
[debug] [2020-09-17T12:59:28.023Z] [worker-pool] Adding worker with key ~diagnostic~, total=2 {"metadata":{"emulator":{"name":"functions"},"message":"[worker-pool] Adding worker with key ~diagnostic~, total=2"}}
[debug] [2020-09-17T12:59:28.023Z] [worker-pool] submitWork(triggerId=) {"metadata":{"emulator":{"name":"functions"},"message":"[worker-pool] submitWork(triggerId=)"}}
[debug] [2020-09-17T12:59:28.024Z] [worker-~diagnostic~-27b651d2-90fd-43a5-a39b-f5cabd5d860c]: Assigning socketPath: \\?\pipe\E:\Programming\Programming_Projects\amazon-clone\functions\17352 {"metadata":{"emulator":{"name":"functions"},"message":"[worker-~diagnostic~-27b651d2-90fd-43a5-a39b-f5cabd5d860c]: Assigning socketPath: \\\\?\\pipe\\E:\\Programming\\Programming_Projects\\amazon-clone\\functions\\17352"}}
[debug] [2020-09-17T12:59:28.028Z] [worker-~diagnostic~-27b651d2-90fd-43a5-a39b-f5cabd5d860c]: BUSY {"metadata":{"emulator":{"name":"functions"},"message":"[worker-~diagnostic~-27b651d2-90fd-43a5-a39b-f5cabd5d860c]: BUSY"}}
[debug] [2020-09-17T12:59:28.035Z] [worker-~diagnostic~-b535c1f9-07e3-460c-a8b8-be52334ac5ff]: exited {"metadata":{"emulator":{"name":"functions"},"message":"[worker-~diagnostic~-b535c1f9-07e3-460c-a8b8-be52334ac5ff]: exited"}}
[debug] [2020-09-17T12:59:28.036Z] [worker-~diagnostic~-b535c1f9-07e3-460c-a8b8-be52334ac5ff]: FINISHED {"metadata":{"emulator":{"name":"functions"},"message":"[worker-~diagnostic~-b535c1f9-07e3-460c-a8b8-be52334ac5ff]: FINISHED"}}
[debug] [2020-09-17T12:59:28.827Z] [runtime-status] [17352] Functions runtime initialized. {"cwd":"E:\\Programming\\Programming_Projects\\amazon-clone\\functions","node_version":"12.17.0"} {"metadata":{"emulator":{"name":"functions"},"message":"[runtime-status] [17352] Functions runtime initialized. {\"cwd\":\"E:\\\\Programming\\\\Programming_Projects\\\\amazon-clone\\\\functions\",\"node_version\":\"12.17.0\"}"}}
[debug] [2020-09-17T12:59:28.851Z] [runtime-status] [17352] Disabled runtime features: undefined {"metadata":{"emulator":{"name":"functions"},"message":"[runtime-status] [17352] Disabled runtime features: undefined"}}
[debug] [2020-09-17T12:59:28.862Z] [runtime-status] [17352] Resolved module firebase-admin {"declared":true,"installed":true,"version":"8.13.0","resolution":"E:\\Programming\\Programming_Projects\\amazon-clone\\functions\\node_modules\\firebase-admin\\lib\\index.js"} {"metadata":{"emulator":{"name":"functions"},"message":"[runtime-status] [17352] Resolved module firebase-admin {\"declared\":true,\"installed\":true,\"version\":\"8.13.0\",\"resolution\":\"E:\\\\Programming\\\\Programming_Projects\\\\amazon-clone\\\\functions\\\\node_modules\\\\firebase-admin\\\\lib\\\\index.js\"}"}}
[debug] [2020-09-17T12:59:28.871Z] [runtime-status] [17352] Resolved module firebase-functions {"declared":true,"installed":true,"version":"3.11.0","resolution":"E:\\Programming\\Programming_Projects\\amazon-clone\\functions\\node_modules\\firebase-functions\\lib\\index.js"} {"metadata":{"emulator":{"name":"functions"},"message":"[runtime-status] [17352] Resolved module firebase-functions {\"declared\":true,\"installed\":true,\"version\":\"3.11.0\",\"resolution\":\"E:\\\\Programming\\\\Programming_Projects\\\\amazon-clone\\\\functions\\\\node_modules\\\\firebase-functions\\\\lib\\\\index.js\"}"}}
[debug] [2020-09-17T12:59:28.877Z] [runtime-status] [17352] Resolved module firebase-functions {"declared":true,"installed":true,"version":"3.11.0","resolution":"E:\\Programming\\Programming_Projects\\amazon-clone\\functions\\node_modules\\firebase-functions\\lib\\index.js"} {"metadata":{"emulator":{"name":"functions"},"message":"[runtime-status] [17352] Resolved module firebase-functions {\"declared\":true,\"installed\":true,\"version\":\"3.11.0\",\"resolution\":\"E:\\\\Programming\\\\Programming_Projects\\\\amazon-clone\\\\functions\\\\node_modules\\\\firebase-functions\\\\lib\\\\index.js\"}"}}
[debug] [2020-09-17T12:59:28.883Z] [runtime-status] [17352] Outgoing network have been stubbed. [{"name":"http","status":"mocked"},{"name":"http","status":"mocked"},{"name":"https","status":"mocked"},{"name":"https","status":"mocked"},{"name":"net","status":"mocked"}] {"metadata":{"emulator":{"name":"functions"},"message":"[runtime-status] [17352] Outgoing network have been stubbed. [{\"name\":\"http\",\"status\":\"mocked\"},{\"name\":\"http\",\"status\":\"mocked\"},{\"name\":\"https\",\"status\":\"mocked\"},{\"name\":\"https\",\"status\":\"mocked\"},{\"name\":\"net\",\"status\":\"mocked\"}]"}}
[debug] [2020-09-17T12:59:28.885Z] [runtime-status] [17352] Resolved module firebase-functions {"declared":true,"installed":true,"version":"3.11.0","resolution":"E:\\Programming\\Programming_Projects\\amazon-clone\\functions\\node_modules\\firebase-functions\\lib\\index.js"} {"metadata":{"emulator":{"name":"functions"},"message":"[runtime-status] [17352] Resolved module firebase-functions {\"declared\":true,\"installed\":true,\"version\":\"3.11.0\",\"resolution\":\"E:\\\\Programming\\\\Programming_Projects\\\\amazon-clone\\\\functions\\\\node_modules\\\\firebase-functions\\\\lib\\\\index.js\"}"}}
[debug] [2020-09-17T12:59:28.968Z] [runtime-status] [17352] Checked functions.config() {"config":{}} {"metadata":{"emulator":{"name":"functions"},"message":"[runtime-status] [17352] Checked functions.config() {\"config\":{}}"}}
[debug] [2020-09-17T12:59:28.969Z] [runtime-status] [17352] firebase-functions has been stubbed. {"functionsResolution":{"declared":true,"installed":true,"version":"3.11.0","resolution":"E:\\Programming\\Programming_Projects\\amazon-clone\\functions\\node_modules\\firebase-functions\\lib\\index.js"}} {"metadata":{"emulator":{"name":"functions"},"message":"[runtime-status] [17352] firebase-functions has been stubbed. {\"functionsResolution\":{\"declared\":true,\"installed\":true,\"version\":\"3.11.0\",\"resolution\":\"E:\\\\Programming\\\\Programming_Projects\\\\amazon-clone\\\\functions\\\\node_modules\\\\firebase-functions\\\\lib\\\\index.js\"}}"}}
[debug] [2020-09-17T12:59:28.970Z] [runtime-status] [17352] Resolved module firebase-functions {"declared":true,"installed":true,"version":"3.11.0","resolution":"E:\\Programming\\Programming_Projects\\amazon-clone\\functions\\node_modules\\firebase-functions\\lib\\index.js"} {"metadata":{"emulator":{"name":"functions"},"message":"[runtime-status] [17352] Resolved module firebase-functions {\"declared\":true,\"installed\":true,\"version\":\"3.11.0\",\"resolution\":\"E:\\\\Programming\\\\Programming_Projects\\\\amazon-clone\\\\functions\\\\node_modules\\\\firebase-functions\\\\lib\\\\index.js\"}"}}
[debug] [2020-09-17T12:59:28.972Z] [runtime-status] [17352] Resolved module firebase-admin {"declared":true,"installed":true,"version":"8.13.0","resolution":"E:\\Programming\\Programming_Projects\\amazon-clone\\functions\\node_modules\\firebase-admin\\lib\\index.js"} {"metadata":{"emulator":{"name":"functions"},"message":"[runtime-status] [17352] Resolved module firebase-admin {\"declared\":true,\"installed\":true,\"version\":\"8.13.0\",\"resolution\":\"E:\\\\Programming\\\\Programming_Projects\\\\amazon-clone\\\\functions\\\\node_modules\\\\firebase-admin\\\\lib\\\\index.js\"}"}}
[debug] [2020-09-17T12:59:28.973Z] [runtime-status] [17352] Resolved module firebase-functions {"declared":true,"installed":true,"version":"3.11.0","resolution":"E:\\Programming\\Programming_Projects\\amazon-clone\\functions\\node_modules\\firebase-functions\\lib\\index.js"} {"metadata":{"emulator":{"name":"functions"},"message":"[runtime-status] [17352] Resolved module firebase-functions {\"declared\":true,\"installed\":true,\"version\":\"3.11.0\",\"resolution\":\"E:\\\\Programming\\\\Programming_Projects\\\\amazon-clone\\\\functions\\\\node_modules\\\\firebase-functions\\\\lib\\\\index.js\"}"}}
[debug] [2020-09-17T12:59:28.974Z] [runtime-status] [17352] firebase-admin has been stubbed. {"adminResolution":{"declared":true,"installed":true,"version":"8.13.0","resolution":"E:\\Programming\\Programming_Projects\\amazon-clone\\functions\\node_modules\\firebase-admin\\lib\\index.js"}} {"metadata":{"emulator":{"name":"functions"},"message":"[runtime-status] [17352] firebase-admin has been stubbed. {\"adminResolution\":{\"declared\":true,\"installed\":true,\"version\":\"8.13.0\",\"resolution\":\"E:\\\\Programming\\\\Programming_Projects\\\\amazon-clone\\\\functions\\\\node_modules\\\\firebase-admin\\\\lib\\\\index.js\"}}"}}
[debug] [2020-09-17T12:59:29.323Z] [worker-~diagnostic~-27b651d2-90fd-43a5-a39b-f5cabd5d860c]: IDLE {"metadata":{"emulator":{"name":"functions"},"message":"[worker-~diagnostic~-27b651d2-90fd-43a5-a39b-f5cabd5d860c]: IDLE"}}
[debug] [2020-09-17T12:59:39.196Z] [work-queue] {"queueLength":1,"workRunningCount":0}
[debug] [2020-09-17T12:59:39.197Z] [work-queue] {"queueLength":0,"workRunningCount":1}
[debug] [2020-09-17T12:59:39.198Z] Accepted request GET /clone-590aa/us-central1/api --> api
[debug] [2020-09-17T12:59:39.200Z] [worker-pool] Cleaned up workers for ~diagnostic~: 2 --> 1 {"metadata":{"emulator":{"name":"functions"},"message":"[worker-pool] Cleaned up workers for ~diagnostic~: 2 --> 1"}}
[debug] [2020-09-17T12:59:39.207Z] [worker-pool] addWorker(api) {"metadata":{"emulator":{"name":"functions"},"message":"[worker-pool] addWorker(api)"}}
[debug] [2020-09-17T12:59:39.208Z] [worker-pool] Adding worker with key api, total=1 {"metadata":{"emulator":{"name":"functions"},"message":"[worker-pool] Adding worker with key api, total=1"}}
[debug] [2020-09-17T12:59:39.209Z] [worker-pool] submitWork(triggerId=api) {"metadata":{"emulator":{"name":"functions"},"message":"[worker-pool] submitWork(triggerId=api)"}}
[debug] [2020-09-17T12:59:39.209Z] [worker-api-64492640-6ad9-4c65-9c43-7b7ee4d8c21d]: Assigning socketPath: \\?\pipe\E:\Programming\Programming_Projects\amazon-clone\functions\6012 {"metadata":{"emulator":{"name":"functions"},"message":"[worker-api-64492640-6ad9-4c65-9c43-7b7ee4d8c21d]: Assigning socketPath: \\\\?\\pipe\\E:\\Programming\\Programming_Projects\\amazon-clone\\functions\\6012"}}
[debug] [2020-09-17T12:59:39.210Z] [worker-api-64492640-6ad9-4c65-9c43-7b7ee4d8c21d]: BUSY {"metadata":{"emulator":{"name":"functions"},"message":"[worker-api-64492640-6ad9-4c65-9c43-7b7ee4d8c21d]: BUSY"}}
[debug] [2020-09-17T12:59:39.960Z] [runtime-status] [6012] Functions runtime initialized. {"cwd":"E:\\Programming\\Programming_Projects\\amazon-clone\\functions","node_version":"12.17.0"} {"metadata":{"emulator":{"name":"functions"},"function":{"name":"api"},"message":"[runtime-status] [6012] Functions runtime initialized. {\"cwd\":\"E:\\\\Programming\\\\Programming_Projects\\\\amazon-clone\\\\functions\",\"node_version\":\"12.17.0\"}"}}
[debug] [2020-09-17T12:59:39.972Z] [runtime-status] [6012] Disabled runtime features: undefined {"metadata":{"emulator":{"name":"functions"},"function":{"name":"api"},"message":"[runtime-status] [6012] Disabled runtime features: undefined"}}
[debug] [2020-09-17T12:59:39.982Z] [runtime-status] [6012] Resolved module firebase-admin {"declared":true,"installed":true,"version":"8.13.0","resolution":"E:\\Programming\\Programming_Projects\\amazon-clone\\functions\\node_modules\\firebase-admin\\lib\\index.js"} {"metadata":{"emulator":{"name":"functions"},"function":{"name":"api"},"message":"[runtime-status] [6012] Resolved module firebase-admin {\"declared\":true,\"installed\":true,\"version\":\"8.13.0\",\"resolution\":\"E:\\\\Programming\\\\Programming_Projects\\\\amazon-clone\\\\functions\\\\node_modules\\\\firebase-admin\\\\lib\\\\index.js\"}"}}
[debug] [2020-09-17T12:59:39.986Z] [runtime-status] [6012] Resolved module firebase-functions {"declared":true,"installed":true,"version":"3.11.0","resolution":"E:\\Programming\\Programming_Projects\\amazon-clone\\functions\\node_modules\\firebase-functions\\lib\\index.js"} {"metadata":{"emulator":{"name":"functions"},"function":{"name":"api"},"message":"[runtime-status] [6012] Resolved module firebase-functions {\"declared\":true,\"installed\":true,\"version\":\"3.11.0\",\"resolution\":\"E:\\\\Programming\\\\Programming_Projects\\\\amazon-clone\\\\functions\\\\node_modules\\\\firebase-functions\\\\lib\\\\index.js\"}"}}
[debug] [2020-09-17T12:59:39.988Z] [runtime-status] [6012] Resolved module firebase-functions {"declared":true,"installed":true,"version":"3.11.0","resolution":"E:\\Programming\\Programming_Projects\\amazon-clone\\functions\\node_modules\\firebase-functions\\lib\\index.js"} {"metadata":{"emulator":{"name":"functions"},"function":{"name":"api"},"message":"[runtime-status] [6012] Resolved module firebase-functions {\"declared\":true,\"installed\":true,\"version\":\"3.11.0\",\"resolution\":\"E:\\\\Programming\\\\Programming_Projects\\\\amazon-clone\\\\functions\\\\node_modules\\\\firebase-functions\\\\lib\\\\index.js\"}"}}
[debug] [2020-09-17T12:59:39.992Z] [runtime-status] [6012] Outgoing network have been stubbed. [{"name":"http","status":"mocked"},{"name":"http","status":"mocked"},{"name":"https","status":"mocked"},{"name":"https","status":"mocked"},{"name":"net","status":"mocked"}] {"metadata":{"emulator":{"name":"functions"},"function":{"name":"api"},"message":"[runtime-status] [6012] Outgoing network have been stubbed. [{\"name\":\"http\",\"status\":\"mocked\"},{\"name\":\"http\",\"status\":\"mocked\"},{\"name\":\"https\",\"status\":\"mocked\"},{\"name\":\"https\",\"status\":\"mocked\"},{\"name\":\"net\",\"status\":\"mocked\"}]"}}
[debug] [2020-09-17T12:59:39.993Z] [runtime-status] [6012] Resolved module firebase-functions {"declared":true,"installed":true,"version":"3.11.0","resolution":"E:\\Programming\\Programming_Projects\\amazon-clone\\functions\\node_modules\\firebase-functions\\lib\\index.js"} {"metadata":{"emulator":{"name":"functions"},"function":{"name":"api"},"message":"[runtime-status] [6012] Resolved module firebase-functions {\"declared\":true,\"installed\":true,\"version\":\"3.11.0\",\"resolution\":\"E:\\\\Programming\\\\Programming_Projects\\\\amazon-clone\\\\functions\\\\node_modules\\\\firebase-functions\\\\lib\\\\index.js\"}"}}
[debug] [2020-09-17T12:59:40.075Z] [runtime-status] [6012] Checked functions.config() {"config":{}} {"metadata":{"emulator":{"name":"functions"},"function":{"name":"api"},"message":"[runtime-status] [6012] Checked functions.config() {\"config\":{}}"}}
[debug] [2020-09-17T12:59:40.075Z] [runtime-status] [6012] firebase-functions has been stubbed. {"functionsResolution":{"declared":true,"installed":true,"version":"3.11.0","resolution":"E:\\Programming\\Programming_Projects\\amazon-clone\\functions\\node_modules\\firebase-functions\\lib\\index.js"}} {"metadata":{"emulator":{"name":"functions"},"function":{"name":"api"},"message":"[runtime-status] [6012] firebase-functions has been stubbed. {\"functionsResolution\":{\"declared\":true,\"installed\":true,\"version\":\"3.11.0\",\"resolution\":\"E:\\\\Programming\\\\Programming_Projects\\\\amazon-clone\\\\functions\\\\node_modules\\\\firebase-functions\\\\lib\\\\index.js\"}}"}}
[debug] [2020-09-17T12:59:40.076Z] [runtime-status] [6012] Resolved module firebase-functions {"declared":true,"installed":true,"version":"3.11.0","resolution":"E:\\Programming\\Programming_Projects\\amazon-clone\\functions\\node_modules\\firebase-functions\\lib\\index.js"} {"metadata":{"emulator":{"name":"functions"},"function":{"name":"api"},"message":"[runtime-status] [6012] Resolved module firebase-functions {\"declared\":true,\"installed\":true,\"version\":\"3.11.0\",\"resolution\":\"E:\\\\Programming\\\\Programming_Projects\\\\amazon-clone\\\\functions\\\\node_modules\\\\firebase-functions\\\\lib\\\\index.js\"}"}}
[debug] [2020-09-17T12:59:40.078Z] [runtime-status] [6012] Resolved module firebase-admin {"declared":true,"installed":true,"version":"8.13.0","resolution":"E:\\Programming\\Programming_Projects\\amazon-clone\\functions\\node_modules\\firebase-admin\\lib\\index.js"} {"metadata":{"emulator":{"name":"functions"},"function":{"name":"api"},"message":"[runtime-status] [6012] Resolved module firebase-admin {\"declared\":true,\"installed\":true,\"version\":\"8.13.0\",\"resolution\":\"E:\\\\Programming\\\\Programming_Projects\\\\amazon-clone\\\\functions\\\\node_modules\\\\firebase-admin\\\\lib\\\\index.js\"}"}}
[debug] [2020-09-17T12:59:40.079Z] [runtime-status] [6012] Resolved module firebase-functions {"declared":true,"installed":true,"version":"3.11.0","resolution":"E:\\Programming\\Programming_Projects\\amazon-clone\\functions\\node_modules\\firebase-functions\\lib\\index.js"} {"metadata":{"emulator":{"name":"functions"},"function":{"name":"api"},"message":"[runtime-status] [6012] Resolved module firebase-functions {\"declared\":true,\"installed\":true,\"version\":\"3.11.0\",\"resolution\":\"E:\\\\Programming\\\\Programming_Projects\\\\amazon-clone\\\\functions\\\\node_modules\\\\firebase-functions\\\\lib\\\\index.js\"}"}}
[debug] [2020-09-17T12:59:40.080Z] [runtime-status] [6012] firebase-admin has been stubbed. {"adminResolution":{"declared":true,"installed":true,"version":"8.13.0","resolution":"E:\\Programming\\Programming_Projects\\amazon-clone\\functions\\node_modules\\firebase-admin\\lib\\index.js"}} {"metadata":{"emulator":{"name":"functions"},"function":{"name":"api"},"message":"[runtime-status] [6012] firebase-admin has been stubbed. {\"adminResolution\":{\"declared\":true,\"installed\":true,\"version\":\"8.13.0\",\"resolution\":\"E:\\\\Programming\\\\Programming_Projects\\\\amazon-clone\\\\functions\\\\node_modules\\\\firebase-admin\\\\lib\\\\index.js\"}}"}}
[debug] [2020-09-17T12:59:40.469Z] [runtime-status] [6012] Trigger "api" has been found, beginning invocation! {"metadata":{"emulator":{"name":"functions"},"function":{"name":"api"},"message":"[runtime-status] [6012] Trigger \"api\" has been found, beginning invocation!"}}
[info] i  functions: Beginning execution of "api" {"metadata":{"emulator":{"name":"functions"},"function":{"name":"api"},"message":"Beginning execution of \"api\""}}
[debug] [2020-09-17T12:59:40.473Z] [runtime-status] [6012] triggerDefinition {"httpsTrigger":{},"name":"api","entryPoint":"api"} {"metadata":{"emulator":{"name":"functions"},"function":{"name":"api"},"message":"[runtime-status] [6012] triggerDefinition {\"httpsTrigger\":{},\"name\":\"api\",\"entryPoint\":\"api\"}"}}
[debug] [2020-09-17T12:59:40.474Z] [runtime-status] [6012] Running api in mode HTTPS {"metadata":{"emulator":{"name":"functions"},"function":{"name":"api"},"message":"[runtime-status] [6012] Running api in mode HTTPS"}}
[debug] [2020-09-17T12:59:40.481Z] [runtime-status] [6012] Attempting to listen to socketPath: \\?\pipe\E:\Programming\Programming_Projects\amazon-clone\functions\6012 {"metadata":{"emulator":{"name":"functions"},"function":{"name":"api"},"message":"[runtime-status] [6012] Attempting to listen to socketPath: \\\\?\\pipe\\E:\\Programming\\Programming_Projects\\amazon-clone\\functions\\6012"}}
[debug] [2020-09-17T12:59:40.488Z] [functions] Runtime ready! Sending request! {"metadata":{"emulator":{"name":"functions"},"message":"[functions] Runtime ready! Sending request!"}}
[debug] [2020-09-17T12:59:40.502Z] [runtime-status] [6012] Ephemeral server handling GET request {"metadata":{"emulator":{"name":"functions"},"function":{"name":"api"},"message":"[runtime-status] [6012] Ephemeral server handling GET request"}}
[debug] [2020-09-17T12:59:40.518Z] [runtime-status] [6012] Ephemeral server survived. {"metadata":{"emulator":{"name":"functions"},"function":{"name":"api"},"message":"[runtime-status] [6012] Ephemeral server survived."}}
[info] i  functions: Finished "api" in ~1s {"metadata":{"emulator":{"name":"functions"},"function":{"name":"api"},"message":"Finished \"api\" in ~1s"}}
[debug] [2020-09-17T12:59:40.526Z] [worker-api-64492640-6ad9-4c65-9c43-7b7ee4d8c21d]: IDLE {"metadata":{"emulator":{"name":"functions"},"message":"[worker-api-64492640-6ad9-4c65-9c43-7b7ee4d8c21d]: IDLE"}}
[debug] [2020-09-17T12:59:40.527Z] [work-queue] {"queueLength":0,"workRunningCount":0}
[debug] [2020-09-17T12:59:41.474Z] Functions emulator received unknown request at path /favicon.ico
[debug] [2020-09-17T13:18:37.686Z] File E:\Programming\Programming_Projects\amazon-clone\functions\index.js changed, reloading triggers {"metadata":{"emulator":{"name":"functions"},"message":"File E:\\Programming\\Programming_Projects\\amazon-clone\\functions\\index.js changed, reloading triggers"}}
[debug] [2020-09-17T13:18:38.702Z] [worker-pool] Shutting down IDLE worker (~diagnostic~) {"metadata":{"emulator":{"name":"functions"},"message":"[worker-pool] Shutting down IDLE worker (~diagnostic~)"}}
[debug] [2020-09-17T13:18:38.702Z] [worker-~diagnostic~-27b651d2-90fd-43a5-a39b-f5cabd5d860c]: FINISHING {"metadata":{"emulator":{"name":"functions"},"message":"[worker-~diagnostic~-27b651d2-90fd-43a5-a39b-f5cabd5d860c]: FINISHING"}}
[debug] [2020-09-17T13:18:38.709Z] [worker-pool] Shutting down IDLE worker (api) {"metadata":{"emulator":{"name":"functions"},"message":"[worker-pool] Shutting down IDLE worker (api)"}}
[debug] [2020-09-17T13:18:38.709Z] [worker-api-64492640-6ad9-4c65-9c43-7b7ee4d8c21d]: FINISHING {"metadata":{"emulator":{"name":"functions"},"message":"[worker-api-64492640-6ad9-4c65-9c43-7b7ee4d8c21d]: FINISHING"}}
[debug] [2020-09-17T13:18:38.718Z] [worker-pool] addWorker(~diagnostic~) {"metadata":{"emulator":{"name":"functions"},"message":"[worker-pool] addWorker(~diagnostic~)"}}
[debug] [2020-09-17T13:18:38.718Z] [worker-pool] Adding worker with key ~diagnostic~, total=2 {"metadata":{"emulator":{"name":"functions"},"message":"[worker-pool] Adding worker with key ~diagnostic~, total=2"}}
[debug] [2020-09-17T13:18:38.718Z] [worker-pool] submitWork(triggerId=) {"metadata":{"emulator":{"name":"functions"},"message":"[worker-pool] submitWork(triggerId=)"}}
[debug] [2020-09-17T13:18:38.719Z] [worker-~diagnostic~-eeecce99-e005-480e-8c3f-4334bd63d79c]: Assigning socketPath: \\?\pipe\E:\Programming\Programming_Projects\amazon-clone\functions\17372 {"metadata":{"emulator":{"name":"functions"},"message":"[worker-~diagnostic~-eeecce99-e005-480e-8c3f-4334bd63d79c]: Assigning socketPath: \\\\?\\pipe\\E:\\Programming\\Programming_Projects\\amazon-clone\\functions\\17372"}}
[debug] [2020-09-17T13:18:38.719Z] [worker-~diagnostic~-eeecce99-e005-480e-8c3f-4334bd63d79c]: BUSY {"metadata":{"emulator":{"name":"functions"},"message":"[worker-~diagnostic~-eeecce99-e005-480e-8c3f-4334bd63d79c]: BUSY"}}
[debug] [2020-09-17T13:18:38.766Z] [worker-~diagnostic~-27b651d2-90fd-43a5-a39b-f5cabd5d860c]: exited {"metadata":{"emulator":{"name":"functions"},"message":"[worker-~diagnostic~-27b651d2-90fd-43a5-a39b-f5cabd5d860c]: exited"}}
[debug] [2020-09-17T13:18:38.766Z] [worker-~diagnostic~-27b651d2-90fd-43a5-a39b-f5cabd5d860c]: FINISHED {"metadata":{"emulator":{"name":"functions"},"message":"[worker-~diagnostic~-27b651d2-90fd-43a5-a39b-f5cabd5d860c]: FINISHED"}}
[debug] [2020-09-17T13:18:38.782Z] [worker-api-64492640-6ad9-4c65-9c43-7b7ee4d8c21d]: exited {"metadata":{"emulator":{"name":"functions"},"message":"[worker-api-64492640-6ad9-4c65-9c43-7b7ee4d8c21d]: exited"}}
[debug] [2020-09-17T13:18:38.782Z] [worker-api-64492640-6ad9-4c65-9c43-7b7ee4d8c21d]: FINISHED {"metadata":{"emulator":{"name":"functions"},"message":"[worker-api-64492640-6ad9-4c65-9c43-7b7ee4d8c21d]: FINISHED"}}
[debug] [2020-09-17T13:18:39.014Z] File E:\Programming\Programming_Projects\amazon-clone\functions\index.js changed, reloading triggers {"metadata":{"emulator":{"name":"functions"},"message":"File E:\\Programming\\Programming_Projects\\amazon-clone\\functions\\index.js changed, reloading triggers"}}
[debug] [2020-09-17T13:18:39.950Z] [runtime-status] [17372] Functions runtime initialized. {"cwd":"E:\\Programming\\Programming_Projects\\amazon-clone\\functions","node_version":"12.17.0"} {"metadata":{"emulator":{"name":"functions"},"message":"[runtime-status] [17372] Functions runtime initialized. {\"cwd\":\"E:\\\\Programming\\\\Programming_Projects\\\\amazon-clone\\\\functions\",\"node_version\":\"12.17.0\"}"}}
[debug] [2020-09-17T13:18:39.959Z] [runtime-status] [17372] Disabled runtime features: undefined {"metadata":{"emulator":{"name":"functions"},"message":"[runtime-status] [17372] Disabled runtime features: undefined"}}
[debug] [2020-09-17T13:18:39.965Z] [runtime-status] [17372] Resolved module firebase-admin {"declared":true,"installed":true,"version":"8.13.0","resolution":"E:\\Programming\\Programming_Projects\\amazon-clone\\functions\\node_modules\\firebase-admin\\lib\\index.js"} {"metadata":{"emulator":{"name":"functions"},"message":"[runtime-status] [17372] Resolved module firebase-admin {\"declared\":true,\"installed\":true,\"version\":\"8.13.0\",\"resolution\":\"E:\\\\Programming\\\\Programming_Projects\\\\amazon-clone\\\\functions\\\\node_modules\\\\firebase-admin\\\\lib\\\\index.js\"}"}}
[debug] [2020-09-17T13:18:39.973Z] [runtime-status] [17372] Resolved module firebase-functions {"declared":true,"installed":true,"version":"3.11.0","resolution":"E:\\Programming\\Programming_Projects\\amazon-clone\\functions\\node_modules\\firebase-functions\\lib\\index.js"} {"metadata":{"emulator":{"name":"functions"},"message":"[runtime-status] [17372] Resolved module firebase-functions {\"declared\":true,\"installed\":true,\"version\":\"3.11.0\",\"resolution\":\"E:\\\\Programming\\\\Programming_Projects\\\\amazon-clone\\\\functions\\\\node_modules\\\\firebase-functions\\\\lib\\\\index.js\"}"}}
[debug] [2020-09-17T13:18:39.975Z] [runtime-status] [17372] Resolved module firebase-functions {"declared":true,"installed":true,"version":"3.11.0","resolution":"E:\\Programming\\Programming_Projects\\amazon-clone\\functions\\node_modules\\firebase-functions\\lib\\index.js"} {"metadata":{"emulator":{"name":"functions"},"message":"[runtime-status] [17372] Resolved module firebase-functions {\"declared\":true,\"installed\":true,\"version\":\"3.11.0\",\"resolution\":\"E:\\\\Programming\\\\Programming_Projects\\\\amazon-clone\\\\functions\\\\node_modules\\\\firebase-functions\\\\lib\\\\index.js\"}"}}
[debug] [2020-09-17T13:18:39.978Z] [runtime-status] [17372] Outgoing network have been stubbed. [{"name":"http","status":"mocked"},{"name":"http","status":"mocked"},{"name":"https","status":"mocked"},{"name":"https","status":"mocked"},{"name":"net","status":"mocked"}] {"metadata":{"emulator":{"name":"functions"},"message":"[runtime-status] [17372] Outgoing network have been stubbed. [{\"name\":\"http\",\"status\":\"mocked\"},{\"name\":\"http\",\"status\":\"mocked\"},{\"name\":\"https\",\"status\":\"mocked\"},{\"name\":\"https\",\"status\":\"mocked\"},{\"name\":\"net\",\"status\":\"mocked\"}]"}}
[debug] [2020-09-17T13:18:39.980Z] [runtime-status] [17372] Resolved module firebase-functions {"declared":true,"installed":true,"version":"3.11.0","resolution":"E:\\Programming\\Programming_Projects\\amazon-clone\\functions\\node_modules\\firebase-functions\\lib\\index.js"} {"metadata":{"emulator":{"name":"functions"},"message":"[runtime-status] [17372] Resolved module firebase-functions {\"declared\":true,\"installed\":true,\"version\":\"3.11.0\",\"resolution\":\"E:\\\\Programming\\\\Programming_Projects\\\\amazon-clone\\\\functions\\\\node_modules\\\\firebase-functions\\\\lib\\\\index.js\"}"}}
[debug] [2020-09-17T13:18:40.015Z] [worker-pool] Marking BUSY worker to finish (~diagnostic~) {"metadata":{"emulator":{"name":"functions"},"message":"[worker-pool] Marking BUSY worker to finish (~diagnostic~)"}}
[debug] [2020-09-17T13:18:40.016Z] [worker-~diagnostic~-eeecce99-e005-480e-8c3f-4334bd63d79c]: FINISHING {"metadata":{"emulator":{"name":"functions"},"message":"[worker-~diagnostic~-eeecce99-e005-480e-8c3f-4334bd63d79c]: FINISHING"}}
[debug] [2020-09-17T13:18:40.016Z] [worker-pool] Cleaned up workers for ~diagnostic~: 2 --> 1 {"metadata":{"emulator":{"name":"functions"},"message":"[worker-pool] Cleaned up workers for ~diagnostic~: 2 --> 1"}}
[debug] [2020-09-17T13:18:40.017Z] [worker-pool] Cleaned up workers for api: 1 --> 0 {"metadata":{"emulator":{"name":"functions"},"message":"[worker-pool] Cleaned up workers for api: 1 --> 0"}}
[debug] [2020-09-17T13:18:40.023Z] [worker-pool] addWorker(~diagnostic~) {"metadata":{"emulator":{"name":"functions"},"message":"[worker-pool] addWorker(~diagnostic~)"}}
[debug] [2020-09-17T13:18:40.024Z] [worker-pool] Adding worker with key ~diagnostic~, total=2 {"metadata":{"emulator":{"name":"functions"},"message":"[worker-pool] Adding worker with key ~diagnostic~, total=2"}}
[debug] [2020-09-17T13:18:40.024Z] [worker-pool] submitWork(triggerId=) {"metadata":{"emulator":{"name":"functions"},"message":"[worker-pool] submitWork(triggerId=)"}}
[debug] [2020-09-17T13:18:40.024Z] [worker-~diagnostic~-146c5af4-9d8f-4bab-9377-21cf042f338d]: Assigning socketPath: \\?\pipe\E:\Programming\Programming_Projects\amazon-clone\functions\15732 {"metadata":{"emulator":{"name":"functions"},"message":"[worker-~diagnostic~-146c5af4-9d8f-4bab-9377-21cf042f338d]: Assigning socketPath: \\\\?\\pipe\\E:\\Programming\\Programming_Projects\\amazon-clone\\functions\\15732"}}
[debug] [2020-09-17T13:18:40.025Z] [worker-~diagnostic~-146c5af4-9d8f-4bab-9377-21cf042f338d]: BUSY {"metadata":{"emulator":{"name":"functions"},"message":"[worker-~diagnostic~-146c5af4-9d8f-4bab-9377-21cf042f338d]: BUSY"}}
[debug] [2020-09-17T13:18:40.084Z] [runtime-status] [17372] Checked functions.config() {"config":{}} {"metadata":{"emulator":{"name":"functions"},"message":"[runtime-status] [17372] Checked functions.config() {\"config\":{}}"}}
[debug] [2020-09-17T13:18:40.084Z] [runtime-status] [17372] firebase-functions has been stubbed. {"functionsResolution":{"declared":true,"installed":true,"version":"3.11.0","resolution":"E:\\Programming\\Programming_Projects\\amazon-clone\\functions\\node_modules\\firebase-functions\\lib\\index.js"}} {"metadata":{"emulator":{"name":"functions"},"message":"[runtime-status] [17372] firebase-functions has been stubbed. {\"functionsResolution\":{\"declared\":true,\"installed\":true,\"version\":\"3.11.0\",\"resolution\":\"E:\\\\Programming\\\\Programming_Projects\\\\amazon-clone\\\\functions\\\\node_modules\\\\firebase-functions\\\\lib\\\\index.js\"}}"}}
[debug] [2020-09-17T13:18:40.085Z] [runtime-status] [17372] Resolved module firebase-functions {"declared":true,"installed":true,"version":"3.11.0","resolution":"E:\\Programming\\Programming_Projects\\amazon-clone\\functions\\node_modules\\firebase-functions\\lib\\index.js"} {"metadata":{"emulator":{"name":"functions"},"message":"[runtime-status] [17372] Resolved module firebase-functions {\"declared\":true,\"installed\":true,\"version\":\"3.11.0\",\"resolution\":\"E:\\\\Programming\\\\Programming_Projects\\\\amazon-clone\\\\functions\\\\node_modules\\\\firebase-functions\\\\lib\\\\index.js\"}"}}
[debug] [2020-09-17T13:18:40.087Z] [runtime-status] [17372] Resolved module firebase-admin {"declared":true,"installed":true,"version":"8.13.0","resolution":"E:\\Programming\\Programming_Projects\\amazon-clone\\functions\\node_modules\\firebase-admin\\lib\\index.js"} {"metadata":{"emulator":{"name":"functions"},"message":"[runtime-status] [17372] Resolved module firebase-admin {\"declared\":true,\"installed\":true,\"version\":\"8.13.0\",\"resolution\":\"E:\\\\Programming\\\\Programming_Projects\\\\amazon-clone\\\\functions\\\\node_modules\\\\firebase-admin\\\\lib\\\\index.js\"}"}}
[debug] [2020-09-17T13:18:40.089Z] [runtime-status] [17372] Resolved module firebase-functions {"declared":true,"installed":true,"version":"3.11.0","resolution":"E:\\Programming\\Programming_Projects\\amazon-clone\\functions\\node_modules\\firebase-functions\\lib\\index.js"} {"metadata":{"emulator":{"name":"functions"},"message":"[runtime-status] [17372] Resolved module firebase-functions {\"declared\":true,\"installed\":true,\"version\":\"3.11.0\",\"resolution\":\"E:\\\\Programming\\\\Programming_Projects\\\\amazon-clone\\\\functions\\\\node_modules\\\\firebase-functions\\\\lib\\\\index.js\"}"}}
[debug] [2020-09-17T13:18:40.089Z] [runtime-status] [17372] firebase-admin has been stubbed. {"adminResolution":{"declared":true,"installed":true,"version":"8.13.0","resolution":"E:\\Programming\\Programming_Projects\\amazon-clone\\functions\\node_modules\\firebase-admin\\lib\\index.js"}} {"metadata":{"emulator":{"name":"functions"},"message":"[runtime-status] [17372] firebase-admin has been stubbed. {\"adminResolution\":{\"declared\":true,\"installed\":true,\"version\":\"8.13.0\",\"resolution\":\"E:\\\\Programming\\\\Programming_Projects\\\\amazon-clone\\\\functions\\\\node_modules\\\\firebase-admin\\\\lib\\\\index.js\"}}"}}
[debug] [2020-09-17T13:18:40.455Z] [worker-~diagnostic~-eeecce99-e005-480e-8c3f-4334bd63d79c]: IDLE --> FINISHING {"metadata":{"emulator":{"name":"functions"},"message":"[worker-~diagnostic~-eeecce99-e005-480e-8c3f-4334bd63d79c]: IDLE --> FINISHING"}}
[debug] [2020-09-17T13:18:40.464Z] [worker-~diagnostic~-eeecce99-e005-480e-8c3f-4334bd63d79c]: exited {"metadata":{"emulator":{"name":"functions"},"message":"[worker-~diagnostic~-eeecce99-e005-480e-8c3f-4334bd63d79c]: exited"}}
[debug] [2020-09-17T13:18:40.465Z] [worker-~diagnostic~-eeecce99-e005-480e-8c3f-4334bd63d79c]: FINISHED {"metadata":{"emulator":{"name":"functions"},"message":"[worker-~diagnostic~-eeecce99-e005-480e-8c3f-4334bd63d79c]: FINISHED"}}
[debug] [2020-09-17T13:18:40.836Z] [runtime-status] [15732] Functions runtime initialized. {"cwd":"E:\\Programming\\Programming_Projects\\amazon-clone\\functions","node_version":"12.17.0"} {"metadata":{"emulator":{"name":"functions"},"message":"[runtime-status] [15732] Functions runtime initialized. {\"cwd\":\"E:\\\\Programming\\\\Programming_Projects\\\\amazon-clone\\\\functions\",\"node_version\":\"12.17.0\"}"}}
[debug] [2020-09-17T13:18:40.846Z] [runtime-status] [15732] Disabled runtime features: undefined {"metadata":{"emulator":{"name":"functions"},"message":"[runtime-status] [15732] Disabled runtime features: undefined"}}
[debug] [2020-09-17T13:18:40.857Z] [runtime-status] [15732] Resolved module firebase-admin {"declared":true,"installed":true,"version":"8.13.0","resolution":"E:\\Programming\\Programming_Projects\\amazon-clone\\functions\\node_modules\\firebase-admin\\lib\\index.js"} {"metadata":{"emulator":{"name":"functions"},"message":"[runtime-status] [15732] Resolved module firebase-admin {\"declared\":true,\"installed\":true,\"version\":\"8.13.0\",\"resolution\":\"E:\\\\Programming\\\\Programming_Projects\\\\amazon-clone\\\\functions\\\\node_modules\\\\firebase-admin\\\\lib\\\\index.js\"}"}}
[debug] [2020-09-17T13:18:40.859Z] [runtime-status] [15732] Resolved module firebase-functions {"declared":true,"installed":true,"version":"3.11.0","resolution":"E:\\Programming\\Programming_Projects\\amazon-clone\\functions\\node_modules\\firebase-functions\\lib\\index.js"} {"metadata":{"emulator":{"name":"functions"},"message":"[runtime-status] [15732] Resolved module firebase-functions {\"declared\":true,\"installed\":true,\"version\":\"3.11.0\",\"resolution\":\"E:\\\\Programming\\\\Programming_Projects\\\\amazon-clone\\\\functions\\\\node_modules\\\\firebase-functions\\\\lib\\\\index.js\"}"}}
[debug] [2020-09-17T13:18:40.861Z] [runtime-status] [15732] Resolved module firebase-functions {"declared":true,"installed":true,"version":"3.11.0","resolution":"E:\\Programming\\Programming_Projects\\amazon-clone\\functions\\node_modules\\firebase-functions\\lib\\index.js"} {"metadata":{"emulator":{"name":"functions"},"message":"[runtime-status] [15732] Resolved module firebase-functions {\"declared\":true,\"installed\":true,\"version\":\"3.11.0\",\"resolution\":\"E:\\\\Programming\\\\Programming_Projects\\\\amazon-clone\\\\functions\\\\node_modules\\\\firebase-functions\\\\lib\\\\index.js\"}"}}
[debug] [2020-09-17T13:18:40.864Z] [runtime-status] [15732] Outgoing network have been stubbed. [{"name":"http","status":"mocked"},{"name":"http","status":"mocked"},{"name":"https","status":"mocked"},{"name":"https","status":"mocked"},{"name":"net","status":"mocked"}] {"metadata":{"emulator":{"name":"functions"},"message":"[runtime-status] [15732] Outgoing network have been stubbed. [{\"name\":\"http\",\"status\":\"mocked\"},{\"name\":\"http\",\"status\":\"mocked\"},{\"name\":\"https\",\"status\":\"mocked\"},{\"name\":\"https\",\"status\":\"mocked\"},{\"name\":\"net\",\"status\":\"mocked\"}]"}}
[debug] [2020-09-17T13:18:40.865Z] [runtime-status] [15732] Resolved module firebase-functions {"declared":true,"installed":true,"version":"3.11.0","resolution":"E:\\Programming\\Programming_Projects\\amazon-clone\\functions\\node_modules\\firebase-functions\\lib\\index.js"} {"metadata":{"emulator":{"name":"functions"},"message":"[runtime-status] [15732] Resolved module firebase-functions {\"declared\":true,\"installed\":true,\"version\":\"3.11.0\",\"resolution\":\"E:\\\\Programming\\\\Programming_Projects\\\\amazon-clone\\\\functions\\\\node_modules\\\\firebase-functions\\\\lib\\\\index.js\"}"}}
[debug] [2020-09-17T13:18:40.942Z] [runtime-status] [15732] Checked functions.config() {"config":{}} {"metadata":{"emulator":{"name":"functions"},"message":"[runtime-status] [15732] Checked functions.config() {\"config\":{}}"}}
[debug] [2020-09-17T13:18:40.943Z] [runtime-status] [15732] firebase-functions has been stubbed. {"functionsResolution":{"declared":true,"installed":true,"version":"3.11.0","resolution":"E:\\Programming\\Programming_Projects\\amazon-clone\\functions\\node_modules\\firebase-functions\\lib\\index.js"}} {"metadata":{"emulator":{"name":"functions"},"message":"[runtime-status] [15732] firebase-functions has been stubbed. {\"functionsResolution\":{\"declared\":true,\"installed\":true,\"version\":\"3.11.0\",\"resolution\":\"E:\\\\Programming\\\\Programming_Projects\\\\amazon-clone\\\\functions\\\\node_modules\\\\firebase-functions\\\\lib\\\\index.js\"}}"}}
[debug] [2020-09-17T13:18:40.944Z] [runtime-status] [15732] Resolved module firebase-functions {"declared":true,"installed":true,"version":"3.11.0","resolution":"E:\\Programming\\Programming_Projects\\amazon-clone\\functions\\node_modules\\firebase-functions\\lib\\index.js"} {"metadata":{"emulator":{"name":"functions"},"message":"[runtime-status] [15732] Resolved module firebase-functions {\"declared\":true,\"installed\":true,\"version\":\"3.11.0\",\"resolution\":\"E:\\\\Programming\\\\Programming_Projects\\\\amazon-clone\\\\functions\\\\node_modules\\\\firebase-functions\\\\lib\\\\index.js\"}"}}
[debug] [2020-09-17T13:18:40.945Z] [runtime-status] [15732] Resolved module firebase-admin {"declared":true,"installed":true,"version":"8.13.0","resolution":"E:\\Programming\\Programming_Projects\\amazon-clone\\functions\\node_modules\\firebase-admin\\lib\\index.js"} {"metadata":{"emulator":{"name":"functions"},"message":"[runtime-status] [15732] Resolved module firebase-admin {\"declared\":true,\"installed\":true,\"version\":\"8.13.0\",\"resolution\":\"E:\\\\Programming\\\\Programming_Projects\\\\amazon-clone\\\\functions\\\\node_modules\\\\firebase-admin\\\\lib\\\\index.js\"}"}}
[debug] [2020-09-17T13:18:40.946Z] [runtime-status] [15732] Resolved module firebase-functions {"declared":true,"installed":true,"version":"3.11.0","resolution":"E:\\Programming\\Programming_Projects\\amazon-clone\\functions\\node_modules\\firebase-functions\\lib\\index.js"} {"metadata":{"emulator":{"name":"functions"},"message":"[runtime-status] [15732] Resolved module firebase-functions {\"declared\":true,\"installed\":true,\"version\":\"3.11.0\",\"resolution\":\"E:\\\\Programming\\\\Programming_Projects\\\\amazon-clone\\\\functions\\\\node_modules\\\\firebase-functions\\\\lib\\\\index.js\"}"}}
[debug] [2020-09-17T13:18:40.947Z] [runtime-status] [15732] firebase-admin has been stubbed. {"adminResolution":{"declared":true,"installed":true,"version":"8.13.0","resolution":"E:\\Programming\\Programming_Projects\\amazon-clone\\functions\\node_modules\\firebase-admin\\lib\\index.js"}} {"metadata":{"emulator":{"name":"functions"},"message":"[runtime-status] [15732] firebase-admin has been stubbed. {\"adminResolution\":{\"declared\":true,\"installed\":true,\"version\":\"8.13.0\",\"resolution\":\"E:\\\\Programming\\\\Programming_Projects\\\\amazon-clone\\\\functions\\\\node_modules\\\\firebase-admin\\\\lib\\\\index.js\"}}"}}
[debug] [2020-09-17T13:18:41.415Z] [worker-~diagnostic~-146c5af4-9d8f-4bab-9377-21cf042f338d]: IDLE {"metadata":{"emulator":{"name":"functions"},"message":"[worker-~diagnostic~-146c5af4-9d8f-4bab-9377-21cf042f338d]: IDLE"}}
[debug] [2020-09-17T13:18:42.874Z] File E:\Programming\Programming_Projects\amazon-clone\functions\index.js changed, reloading triggers {"metadata":{"emulator":{"name":"functions"},"message":"File E:\\Programming\\Programming_Projects\\amazon-clone\\functions\\index.js changed, reloading triggers"}}
[debug] [2020-09-17T13:18:43.876Z] [worker-pool] Shutting down IDLE worker (~diagnostic~) {"metadata":{"emulator":{"name":"functions"},"message":"[worker-pool] Shutting down IDLE worker (~diagnostic~)"}}
[debug] [2020-09-17T13:18:43.877Z] [worker-~diagnostic~-146c5af4-9d8f-4bab-9377-21cf042f338d]: FINISHING {"metadata":{"emulator":{"name":"functions"},"message":"[worker-~diagnostic~-146c5af4-9d8f-4bab-9377-21cf042f338d]: FINISHING"}}
[debug] [2020-09-17T13:18:43.877Z] [worker-pool] Cleaned up workers for ~diagnostic~: 2 --> 1 {"metadata":{"emulator":{"name":"functions"},"message":"[worker-pool] Cleaned up workers for ~diagnostic~: 2 --> 1"}}
[debug] [2020-09-17T13:18:43.887Z] [worker-pool] addWorker(~diagnostic~) {"metadata":{"emulator":{"name":"functions"},"message":"[worker-pool] addWorker(~diagnostic~)"}}
[debug] [2020-09-17T13:18:43.888Z] [worker-pool] Adding worker with key ~diagnostic~, total=2 {"metadata":{"emulator":{"name":"functions"},"message":"[worker-pool] Adding worker with key ~diagnostic~, total=2"}}
[debug] [2020-09-17T13:18:43.888Z] [worker-pool] submitWork(triggerId=) {"metadata":{"emulator":{"name":"functions"},"message":"[worker-pool] submitWork(triggerId=)"}}
[debug] [2020-09-17T13:18:43.889Z] [worker-~diagnostic~-e736720b-f0b3-44b9-aa45-df102008ef60]: Assigning socketPath: \\?\pipe\E:\Programming\Programming_Projects\amazon-clone\functions\13804 {"metadata":{"emulator":{"name":"functions"},"message":"[worker-~diagnostic~-e736720b-f0b3-44b9-aa45-df102008ef60]: Assigning socketPath: \\\\?\\pipe\\E:\\Programming\\Programming_Projects\\amazon-clone\\functions\\13804"}}
[debug] [2020-09-17T13:18:43.889Z] [worker-~diagnostic~-e736720b-f0b3-44b9-aa45-df102008ef60]: BUSY {"metadata":{"emulator":{"name":"functions"},"message":"[worker-~diagnostic~-e736720b-f0b3-44b9-aa45-df102008ef60]: BUSY"}}
[debug] [2020-09-17T13:18:43.926Z] [worker-~diagnostic~-146c5af4-9d8f-4bab-9377-21cf042f338d]: exited {"metadata":{"emulator":{"name":"functions"},"message":"[worker-~diagnostic~-146c5af4-9d8f-4bab-9377-21cf042f338d]: exited"}}
[debug] [2020-09-17T13:18:43.927Z] [worker-~diagnostic~-146c5af4-9d8f-4bab-9377-21cf042f338d]: FINISHED {"metadata":{"emulator":{"name":"functions"},"message":"[worker-~diagnostic~-146c5af4-9d8f-4bab-9377-21cf042f338d]: FINISHED"}}
[debug] [2020-09-17T13:18:45.193Z] [runtime-status] [13804] Functions runtime initialized. {"cwd":"E:\\Programming\\Programming_Projects\\amazon-clone\\functions","node_version":"12.17.0"} {"metadata":{"emulator":{"name":"functions"},"message":"[runtime-status] [13804] Functions runtime initialized. {\"cwd\":\"E:\\\\Programming\\\\Programming_Projects\\\\amazon-clone\\\\functions\",\"node_version\":\"12.17.0\"}"}}
[debug] [2020-09-17T13:18:45.211Z] [runtime-status] [13804] Disabled runtime features: undefined {"metadata":{"emulator":{"name":"functions"},"message":"[runtime-status] [13804] Disabled runtime features: undefined"}}
[debug] [2020-09-17T13:18:45.222Z] [runtime-status] [13804] Resolved module firebase-admin {"declared":true,"installed":true,"version":"8.13.0","resolution":"E:\\Programming\\Programming_Projects\\amazon-clone\\functions\\node_modules\\firebase-admin\\lib\\index.js"} {"metadata":{"emulator":{"name":"functions"},"message":"[runtime-status] [13804] Resolved module firebase-admin {\"declared\":true,\"installed\":true,\"version\":\"8.13.0\",\"resolution\":\"E:\\\\Programming\\\\Programming_Projects\\\\amazon-clone\\\\functions\\\\node_modules\\\\firebase-admin\\\\lib\\\\index.js\"}"}}
[debug] [2020-09-17T13:18:45.227Z] [runtime-status] [13804] Resolved module firebase-functions {"declared":true,"installed":true,"version":"3.11.0","resolution":"E:\\Programming\\Programming_Projects\\amazon-clone\\functions\\node_modules\\firebase-functions\\lib\\index.js"} {"metadata":{"emulator":{"name":"functions"},"message":"[runtime-status] [13804] Resolved module firebase-functions {\"declared\":true,\"installed\":true,\"version\":\"3.11.0\",\"resolution\":\"E:\\\\Programming\\\\Programming_Projects\\\\amazon-clone\\\\functions\\\\node_modules\\\\firebase-functions\\\\lib\\\\index.js\"}"}}
[debug] [2020-09-17T13:18:45.233Z] [runtime-status] [13804] Resolved module firebase-functions {"declared":true,"installed":true,"version":"3.11.0","resolution":"E:\\Programming\\Programming_Projects\\amazon-clone\\functions\\node_modules\\firebase-functions\\lib\\index.js"} {"metadata":{"emulator":{"name":"functions"},"message":"[runtime-status] [13804] Resolved module firebase-functions {\"declared\":true,\"installed\":true,\"version\":\"3.11.0\",\"resolution\":\"E:\\\\Programming\\\\Programming_Projects\\\\amazon-clone\\\\functions\\\\node_modules\\\\firebase-functions\\\\lib\\\\index.js\"}"}}
[debug] [2020-09-17T13:18:45.238Z] [runtime-status] [13804] Outgoing network have been stubbed. [{"name":"http","status":"mocked"},{"name":"http","status":"mocked"},{"name":"https","status":"mocked"},{"name":"https","status":"mocked"},{"name":"net","status":"mocked"}] {"metadata":{"emulator":{"name":"functions"},"message":"[runtime-status] [13804] Outgoing network have been stubbed. [{\"name\":\"http\",\"status\":\"mocked\"},{\"name\":\"http\",\"status\":\"mocked\"},{\"name\":\"https\",\"status\":\"mocked\"},{\"name\":\"https\",\"status\":\"mocked\"},{\"name\":\"net\",\"status\":\"mocked\"}]"}}
[debug] [2020-09-17T13:18:45.240Z] [runtime-status] [13804] Resolved module firebase-functions {"declared":true,"installed":true,"version":"3.11.0","resolution":"E:\\Programming\\Programming_Projects\\amazon-clone\\functions\\node_modules\\firebase-functions\\lib\\index.js"} {"metadata":{"emulator":{"name":"functions"},"message":"[runtime-status] [13804] Resolved module firebase-functions {\"declared\":true,\"installed\":true,\"version\":\"3.11.0\",\"resolution\":\"E:\\\\Programming\\\\Programming_Projects\\\\amazon-clone\\\\functions\\\\node_modules\\\\firebase-functions\\\\lib\\\\index.js\"}"}}
[debug] [2020-09-17T13:18:45.373Z] [runtime-status] [13804] Checked functions.config() {"config":{}} {"metadata":{"emulator":{"name":"functions"},"message":"[runtime-status] [13804] Checked functions.config() {\"config\":{}}"}}
[debug] [2020-09-17T13:18:45.376Z] [runtime-status] [13804] firebase-functions has been stubbed. {"functionsResolution":{"declared":true,"installed":true,"version":"3.11.0","resolution":"E:\\Programming\\Programming_Projects\\amazon-clone\\functions\\node_modules\\firebase-functions\\lib\\index.js"}} {"metadata":{"emulator":{"name":"functions"},"message":"[runtime-status] [13804] firebase-functions has been stubbed. {\"functionsResolution\":{\"declared\":true,\"installed\":true,\"version\":\"3.11.0\",\"resolution\":\"E:\\\\Programming\\\\Programming_Projects\\\\amazon-clone\\\\functions\\\\node_modules\\\\firebase-functions\\\\lib\\\\index.js\"}}"}}
[debug] [2020-09-17T13:18:45.378Z] [runtime-status] [13804] Resolved module firebase-functions {"declared":true,"installed":true,"version":"3.11.0","resolution":"E:\\Programming\\Programming_Projects\\amazon-clone\\functions\\node_modules\\firebase-functions\\lib\\index.js"} {"metadata":{"emulator":{"name":"functions"},"message":"[runtime-status] [13804] Resolved module firebase-functions {\"declared\":true,\"installed\":true,\"version\":\"3.11.0\",\"resolution\":\"E:\\\\Programming\\\\Programming_Projects\\\\amazon-clone\\\\functions\\\\node_modules\\\\firebase-functions\\\\lib\\\\index.js\"}"}}
[debug] [2020-09-17T13:18:45.381Z] [runtime-status] [13804] Resolved module firebase-admin {"declared":true,"installed":true,"version":"8.13.0","resolution":"E:\\Programming\\Programming_Projects\\amazon-clone\\functions\\node_modules\\firebase-admin\\lib\\index.js"} {"metadata":{"emulator":{"name":"functions"},"message":"[runtime-status] [13804] Resolved module firebase-admin {\"declared\":true,\"installed\":true,\"version\":\"8.13.0\",\"resolution\":\"E:\\\\Programming\\\\Programming_Projects\\\\amazon-clone\\\\functions\\\\node_modules\\\\firebase-admin\\\\lib\\\\index.js\"}"}}
[debug] [2020-09-17T13:18:45.383Z] [runtime-status] [13804] Resolved module firebase-functions {"declared":true,"installed":true,"version":"3.11.0","resolution":"E:\\Programming\\Programming_Projects\\amazon-clone\\functions\\node_modules\\firebase-functions\\lib\\index.js"} {"metadata":{"emulator":{"name":"functions"},"message":"[runtime-status] [13804] Resolved module firebase-functions {\"declared\":true,\"installed\":true,\"version\":\"3.11.0\",\"resolution\":\"E:\\\\Programming\\\\Programming_Projects\\\\amazon-clone\\\\functions\\\\node_modules\\\\firebase-functions\\\\lib\\\\index.js\"}"}}
[debug] [2020-09-17T13:18:45.384Z] [runtime-status] [13804] firebase-admin has been stubbed. {"adminResolution":{"declared":true,"installed":true,"version":"8.13.0","resolution":"E:\\Programming\\Programming_Projects\\amazon-clone\\functions\\node_modules\\firebase-admin\\lib\\index.js"}} {"metadata":{"emulator":{"name":"functions"},"message":"[runtime-status] [13804] firebase-admin has been stubbed. {\"adminResolution\":{\"declared\":true,\"installed\":true,\"version\":\"8.13.0\",\"resolution\":\"E:\\\\Programming\\\\Programming_Projects\\\\amazon-clone\\\\functions\\\\node_modules\\\\firebase-admin\\\\lib\\\\index.js\"}}"}}
[debug] [2020-09-17T13:18:45.866Z] [worker-~diagnostic~-e736720b-f0b3-44b9-aa45-df102008ef60]: IDLE {"metadata":{"emulator":{"name":"functions"},"message":"[worker-~diagnostic~-e736720b-f0b3-44b9-aa45-df102008ef60]: IDLE"}}
[debug] [2020-09-17T13:18:47.171Z] File E:\Programming\Programming_Projects\amazon-clone\functions\index.js changed, reloading triggers {"metadata":{"emulator":{"name":"functions"},"message":"File E:\\Programming\\Programming_Projects\\amazon-clone\\functions\\index.js changed, reloading triggers"}}
[debug] [2020-09-17T13:18:48.172Z] [worker-pool] Shutting down IDLE worker (~diagnostic~) {"metadata":{"emulator":{"name":"functions"},"message":"[worker-pool] Shutting down IDLE worker (~diagnostic~)"}}
[debug] [2020-09-17T13:18:48.172Z] [worker-~diagnostic~-e736720b-f0b3-44b9-aa45-df102008ef60]: FINISHING {"metadata":{"emulator":{"name":"functions"},"message":"[worker-~diagnostic~-e736720b-f0b3-44b9-aa45-df102008ef60]: FINISHING"}}
[debug] [2020-09-17T13:18:48.173Z] [worker-pool] Cleaned up workers for ~diagnostic~: 2 --> 1 {"metadata":{"emulator":{"name":"functions"},"message":"[worker-pool] Cleaned up workers for ~diagnostic~: 2 --> 1"}}
[debug] [2020-09-17T13:18:48.180Z] [worker-pool] addWorker(~diagnostic~) {"metadata":{"emulator":{"name":"functions"},"message":"[worker-pool] addWorker(~diagnostic~)"}}
[debug] [2020-09-17T13:18:48.181Z] [worker-pool] Adding worker with key ~diagnostic~, total=2 {"metadata":{"emulator":{"name":"functions"},"message":"[worker-pool] Adding worker with key ~diagnostic~, total=2"}}
[debug] [2020-09-17T13:18:48.181Z] [worker-pool] submitWork(triggerId=) {"metadata":{"emulator":{"name":"functions"},"message":"[worker-pool] submitWork(triggerId=)"}}
[debug] [2020-09-17T13:18:48.181Z] [worker-~diagnostic~-e05517b5-920b-4e9b-bfe1-ae4820697252]: Assigning socketPath: \\?\pipe\E:\Programming\Programming_Projects\amazon-clone\functions\1728 {"metadata":{"emulator":{"name":"functions"},"message":"[worker-~diagnostic~-e05517b5-920b-4e9b-bfe1-ae4820697252]: Assigning socketPath: \\\\?\\pipe\\E:\\Programming\\Programming_Projects\\amazon-clone\\functions\\1728"}}
[debug] [2020-09-17T13:18:48.182Z] [worker-~diagnostic~-e05517b5-920b-4e9b-bfe1-ae4820697252]: BUSY {"metadata":{"emulator":{"name":"functions"},"message":"[worker-~diagnostic~-e05517b5-920b-4e9b-bfe1-ae4820697252]: BUSY"}}
[debug] [2020-09-17T13:18:48.190Z] [worker-~diagnostic~-e736720b-f0b3-44b9-aa45-df102008ef60]: exited {"metadata":{"emulator":{"name":"functions"},"message":"[worker-~diagnostic~-e736720b-f0b3-44b9-aa45-df102008ef60]: exited"}}
[debug] [2020-09-17T13:18:48.191Z] [worker-~diagnostic~-e736720b-f0b3-44b9-aa45-df102008ef60]: FINISHED {"metadata":{"emulator":{"name":"functions"},"message":"[worker-~diagnostic~-e736720b-f0b3-44b9-aa45-df102008ef60]: FINISHED"}}
[debug] [2020-09-17T13:18:49.019Z] [runtime-status] [1728] Functions runtime initialized. {"cwd":"E:\\Programming\\Programming_Projects\\amazon-clone\\functions","node_version":"12.17.0"} {"metadata":{"emulator":{"name":"functions"},"message":"[runtime-status] [1728] Functions runtime initialized. {\"cwd\":\"E:\\\\Programming\\\\Programming_Projects\\\\amazon-clone\\\\functions\",\"node_version\":\"12.17.0\"}"}}
[debug] [2020-09-17T13:18:49.029Z] [runtime-status] [1728] Disabled runtime features: undefined {"metadata":{"emulator":{"name":"functions"},"message":"[runtime-status] [1728] Disabled runtime features: undefined"}}
[debug] [2020-09-17T13:18:49.040Z] [runtime-status] [1728] Resolved module firebase-admin {"declared":true,"installed":true,"version":"8.13.0","resolution":"E:\\Programming\\Programming_Projects\\amazon-clone\\functions\\node_modules\\firebase-admin\\lib\\index.js"} {"metadata":{"emulator":{"name":"functions"},"message":"[runtime-status] [1728] Resolved module firebase-admin {\"declared\":true,\"installed\":true,\"version\":\"8.13.0\",\"resolution\":\"E:\\\\Programming\\\\Programming_Projects\\\\amazon-clone\\\\functions\\\\node_modules\\\\firebase-admin\\\\lib\\\\index.js\"}"}}
[debug] [2020-09-17T13:18:49.043Z] [runtime-status] [1728] Resolved module firebase-functions {"declared":true,"installed":true,"version":"3.11.0","resolution":"E:\\Programming\\Programming_Projects\\amazon-clone\\functions\\node_modules\\firebase-functions\\lib\\index.js"} {"metadata":{"emulator":{"name":"functions"},"message":"[runtime-status] [1728] Resolved module firebase-functions {\"declared\":true,\"installed\":true,\"version\":\"3.11.0\",\"resolution\":\"E:\\\\Programming\\\\Programming_Projects\\\\amazon-clone\\\\functions\\\\node_modules\\\\firebase-functions\\\\lib\\\\index.js\"}"}}
[debug] [2020-09-17T13:18:49.045Z] [runtime-status] [1728] Resolved module firebase-functions {"declared":true,"installed":true,"version":"3.11.0","resolution":"E:\\Programming\\Programming_Projects\\amazon-clone\\functions\\node_modules\\firebase-functions\\lib\\index.js"} {"metadata":{"emulator":{"name":"functions"},"message":"[runtime-status] [1728] Resolved module firebase-functions {\"declared\":true,\"installed\":true,\"version\":\"3.11.0\",\"resolution\":\"E:\\\\Programming\\\\Programming_Projects\\\\amazon-clone\\\\functions\\\\node_modules\\\\firebase-functions\\\\lib\\\\index.js\"}"}}
[debug] [2020-09-17T13:18:49.049Z] [runtime-status] [1728] Outgoing network have been stubbed. [{"name":"http","status":"mocked"},{"name":"http","status":"mocked"},{"name":"https","status":"mocked"},{"name":"https","status":"mocked"},{"name":"net","status":"mocked"}] {"metadata":{"emulator":{"name":"functions"},"message":"[runtime-status] [1728] Outgoing network have been stubbed. [{\"name\":\"http\",\"status\":\"mocked\"},{\"name\":\"http\",\"status\":\"mocked\"},{\"name\":\"https\",\"status\":\"mocked\"},{\"name\":\"https\",\"status\":\"mocked\"},{\"name\":\"net\",\"status\":\"mocked\"}]"}}
[debug] [2020-09-17T13:18:49.050Z] [runtime-status] [1728] Resolved module firebase-functions {"declared":true,"installed":true,"version":"3.11.0","resolution":"E:\\Programming\\Programming_Projects\\amazon-clone\\functions\\node_modules\\firebase-functions\\lib\\index.js"} {"metadata":{"emulator":{"name":"functions"},"message":"[runtime-status] [1728] Resolved module firebase-functions {\"declared\":true,\"installed\":true,\"version\":\"3.11.0\",\"resolution\":\"E:\\\\Programming\\\\Programming_Projects\\\\amazon-clone\\\\functions\\\\node_modules\\\\firebase-functions\\\\lib\\\\index.js\"}"}}
[debug] [2020-09-17T13:18:49.134Z] [runtime-status] [1728] Checked functions.config() {"config":{}} {"metadata":{"emulator":{"name":"functions"},"message":"[runtime-status] [1728] Checked functions.config() {\"config\":{}}"}}
[debug] [2020-09-17T13:18:49.135Z] [runtime-status] [1728] firebase-functions has been stubbed. {"functionsResolution":{"declared":true,"installed":true,"version":"3.11.0","resolution":"E:\\Programming\\Programming_Projects\\amazon-clone\\functions\\node_modules\\firebase-functions\\lib\\index.js"}} {"metadata":{"emulator":{"name":"functions"},"message":"[runtime-status] [1728] firebase-functions has been stubbed. {\"functionsResolution\":{\"declared\":true,\"installed\":true,\"version\":\"3.11.0\",\"resolution\":\"E:\\\\Programming\\\\Programming_Projects\\\\amazon-clone\\\\functions\\\\node_modules\\\\firebase-functions\\\\lib\\\\index.js\"}}"}}
[debug] [2020-09-17T13:18:49.136Z] [runtime-status] [1728] Resolved module firebase-functions {"declared":true,"installed":true,"version":"3.11.0","resolution":"E:\\Programming\\Programming_Projects\\amazon-clone\\functions\\node_modules\\firebase-functions\\lib\\index.js"} {"metadata":{"emulator":{"name":"functions"},"message":"[runtime-status] [1728] Resolved module firebase-functions {\"declared\":true,\"installed\":true,\"version\":\"3.11.0\",\"resolution\":\"E:\\\\Programming\\\\Programming_Projects\\\\amazon-clone\\\\functions\\\\node_modules\\\\firebase-functions\\\\lib\\\\index.js\"}"}}
[debug] [2020-09-17T13:18:49.138Z] [runtime-status] [1728] Resolved module firebase-admin {"declared":true,"installed":true,"version":"8.13.0","resolution":"E:\\Programming\\Programming_Projects\\amazon-clone\\functions\\node_modules\\firebase-admin\\lib\\index.js"} {"metadata":{"emulator":{"name":"functions"},"message":"[runtime-status] [1728] Resolved module firebase-admin {\"declared\":true,\"installed\":true,\"version\":\"8.13.0\",\"resolution\":\"E:\\\\Programming\\\\Programming_Projects\\\\amazon-clone\\\\functions\\\\node_modules\\\\firebase-admin\\\\lib\\\\index.js\"}"}}
[debug] [2020-09-17T13:18:49.139Z] [runtime-status] [1728] Resolved module firebase-functions {"declared":true,"installed":true,"version":"3.11.0","resolution":"E:\\Programming\\Programming_Projects\\amazon-clone\\functions\\node_modules\\firebase-functions\\lib\\index.js"} {"metadata":{"emulator":{"name":"functions"},"message":"[runtime-status] [1728] Resolved module firebase-functions {\"declared\":true,\"installed\":true,\"version\":\"3.11.0\",\"resolution\":\"E:\\\\Programming\\\\Programming_Projects\\\\amazon-clone\\\\functions\\\\node_modules\\\\firebase-functions\\\\lib\\\\index.js\"}"}}
[debug] [2020-09-17T13:18:49.139Z] [runtime-status] [1728] firebase-admin has been stubbed. {"adminResolution":{"declared":true,"installed":true,"version":"8.13.0","resolution":"E:\\Programming\\Programming_Projects\\amazon-clone\\functions\\node_modules\\firebase-admin\\lib\\index.js"}} {"metadata":{"emulator":{"name":"functions"},"message":"[runtime-status] [1728] firebase-admin has been stubbed. {\"adminResolution\":{\"declared\":true,\"installed\":true,\"version\":\"8.13.0\",\"resolution\":\"E:\\\\Programming\\\\Programming_Projects\\\\amazon-clone\\\\functions\\\\node_modules\\\\firebase-admin\\\\lib\\\\index.js\"}}"}}
[debug] [2020-09-17T13:18:49.419Z] [worker-~diagnostic~-e05517b5-920b-4e9b-bfe1-ae4820697252]: IDLE {"metadata":{"emulator":{"name":"functions"},"message":"[worker-~diagnostic~-e05517b5-920b-4e9b-bfe1-ae4820697252]: IDLE"}}
[debug] [2020-09-17T13:18:56.593Z] [work-queue] {"queueLength":1,"workRunningCount":0}
[debug] [2020-09-17T13:18:56.593Z] [work-queue] {"queueLength":0,"workRunningCount":1}
[debug] [2020-09-17T13:18:56.594Z] Accepted request GET /clone-590aa/us-central1/api --> api
[debug] [2020-09-17T13:18:56.594Z] [worker-pool] Cleaned up workers for ~diagnostic~: 2 --> 1 {"metadata":{"emulator":{"name":"functions"},"message":"[worker-pool] Cleaned up workers for ~diagnostic~: 2 --> 1"}}
[debug] [2020-09-17T13:18:56.598Z] [worker-pool] addWorker(api) {"metadata":{"emulator":{"name":"functions"},"message":"[worker-pool] addWorker(api)"}}
[debug] [2020-09-17T13:18:56.598Z] [worker-pool] Adding worker with key api, total=1 {"metadata":{"emulator":{"name":"functions"},"message":"[worker-pool] Adding worker with key api, total=1"}}
[debug] [2020-09-17T13:18:56.598Z] [worker-pool] submitWork(triggerId=api) {"metadata":{"emulator":{"name":"functions"},"message":"[worker-pool] submitWork(triggerId=api)"}}
[debug] [2020-09-17T13:18:56.599Z] [worker-api-ef318321-58ed-4247-8a56-1200733a4d8b]: Assigning socketPath: \\?\pipe\E:\Programming\Programming_Projects\amazon-clone\functions\4344 {"metadata":{"emulator":{"name":"functions"},"message":"[worker-api-ef318321-58ed-4247-8a56-1200733a4d8b]: Assigning socketPath: \\\\?\\pipe\\E:\\Programming\\Programming_Projects\\amazon-clone\\functions\\4344"}}
[debug] [2020-09-17T13:18:56.599Z] [worker-api-ef318321-58ed-4247-8a56-1200733a4d8b]: BUSY {"metadata":{"emulator":{"name":"functions"},"message":"[worker-api-ef318321-58ed-4247-8a56-1200733a4d8b]: BUSY"}}
[debug] [2020-09-17T13:18:57.294Z] [runtime-status] [4344] Functions runtime initialized. {"cwd":"E:\\Programming\\Programming_Projects\\amazon-clone\\functions","node_version":"12.17.0"} {"metadata":{"emulator":{"name":"functions"},"function":{"name":"api"},"message":"[runtime-status] [4344] Functions runtime initialized. {\"cwd\":\"E:\\\\Programming\\\\Programming_Projects\\\\amazon-clone\\\\functions\",\"node_version\":\"12.17.0\"}"}}
[debug] [2020-09-17T13:18:57.304Z] [runtime-status] [4344] Disabled runtime features: undefined {"metadata":{"emulator":{"name":"functions"},"function":{"name":"api"},"message":"[runtime-status] [4344] Disabled runtime features: undefined"}}
[debug] [2020-09-17T13:18:57.314Z] [runtime-status] [4344] Resolved module firebase-admin {"declared":true,"installed":true,"version":"8.13.0","resolution":"E:\\Programming\\Programming_Projects\\amazon-clone\\functions\\node_modules\\firebase-admin\\lib\\index.js"} {"metadata":{"emulator":{"name":"functions"},"function":{"name":"api"},"message":"[runtime-status] [4344] Resolved module firebase-admin {\"declared\":true,\"installed\":true,\"version\":\"8.13.0\",\"resolution\":\"E:\\\\Programming\\\\Programming_Projects\\\\amazon-clone\\\\functions\\\\node_modules\\\\firebase-admin\\\\lib\\\\index.js\"}"}}
[debug] [2020-09-17T13:18:57.316Z] [runtime-status] [4344] Resolved module firebase-functions {"declared":true,"installed":true,"version":"3.11.0","resolution":"E:\\Programming\\Programming_Projects\\amazon-clone\\functions\\node_modules\\firebase-functions\\lib\\index.js"} {"metadata":{"emulator":{"name":"functions"},"function":{"name":"api"},"message":"[runtime-status] [4344] Resolved module firebase-functions {\"declared\":true,\"installed\":true,\"version\":\"3.11.0\",\"resolution\":\"E:\\\\Programming\\\\Programming_Projects\\\\amazon-clone\\\\functions\\\\node_modules\\\\firebase-functions\\\\lib\\\\index.js\"}"}}
[debug] [2020-09-17T13:18:57.318Z] [runtime-status] [4344] Resolved module firebase-functions {"declared":true,"installed":true,"version":"3.11.0","resolution":"E:\\Programming\\Programming_Projects\\amazon-clone\\functions\\node_modules\\firebase-functions\\lib\\index.js"} {"metadata":{"emulator":{"name":"functions"},"function":{"name":"api"},"message":"[runtime-status] [4344] Resolved module firebase-functions {\"declared\":true,\"installed\":true,\"version\":\"3.11.0\",\"resolution\":\"E:\\\\Programming\\\\Programming_Projects\\\\amazon-clone\\\\functions\\\\node_modules\\\\firebase-functions\\\\lib\\\\index.js\"}"}}
[debug] [2020-09-17T13:18:57.321Z] [runtime-status] [4344] Outgoing network have been stubbed. [{"name":"http","status":"mocked"},{"name":"http","status":"mocked"},{"name":"https","status":"mocked"},{"name":"https","status":"mocked"},{"name":"net","status":"mocked"}] {"metadata":{"emulator":{"name":"functions"},"function":{"name":"api"},"message":"[runtime-status] [4344] Outgoing network have been stubbed. [{\"name\":\"http\",\"status\":\"mocked\"},{\"name\":\"http\",\"status\":\"mocked\"},{\"name\":\"https\",\"status\":\"mocked\"},{\"name\":\"https\",\"status\":\"mocked\"},{\"name\":\"net\",\"status\":\"mocked\"}]"}}
[debug] [2020-09-17T13:18:57.322Z] [runtime-status] [4344] Resolved module firebase-functions {"declared":true,"installed":true,"version":"3.11.0","resolution":"E:\\Programming\\Programming_Projects\\amazon-clone\\functions\\node_modules\\firebase-functions\\lib\\index.js"} {"metadata":{"emulator":{"name":"functions"},"function":{"name":"api"},"message":"[runtime-status] [4344] Resolved module firebase-functions {\"declared\":true,\"installed\":true,\"version\":\"3.11.0\",\"resolution\":\"E:\\\\Programming\\\\Programming_Projects\\\\amazon-clone\\\\functions\\\\node_modules\\\\firebase-functions\\\\lib\\\\index.js\"}"}}
[debug] [2020-09-17T13:18:57.396Z] [runtime-status] [4344] Checked functions.config() {"config":{}} {"metadata":{"emulator":{"name":"functions"},"function":{"name":"api"},"message":"[runtime-status] [4344] Checked functions.config() {\"config\":{}}"}}
[debug] [2020-09-17T13:18:57.396Z] [runtime-status] [4344] firebase-functions has been stubbed. {"functionsResolution":{"declared":true,"installed":true,"version":"3.11.0","resolution":"E:\\Programming\\Programming_Projects\\amazon-clone\\functions\\node_modules\\firebase-functions\\lib\\index.js"}} {"metadata":{"emulator":{"name":"functions"},"function":{"name":"api"},"message":"[runtime-status] [4344] firebase-functions has been stubbed. {\"functionsResolution\":{\"declared\":true,\"installed\":true,\"version\":\"3.11.0\",\"resolution\":\"E:\\\\Programming\\\\Programming_Projects\\\\amazon-clone\\\\functions\\\\node_modules\\\\firebase-functions\\\\lib\\\\index.js\"}}"}}
[debug] [2020-09-17T13:18:57.397Z] [runtime-status] [4344] Resolved module firebase-functions {"declared":true,"installed":true,"version":"3.11.0","resolution":"E:\\Programming\\Programming_Projects\\amazon-clone\\functions\\node_modules\\firebase-functions\\lib\\index.js"} {"metadata":{"emulator":{"name":"functions"},"function":{"name":"api"},"message":"[runtime-status] [4344] Resolved module firebase-functions {\"declared\":true,\"installed\":true,\"version\":\"3.11.0\",\"resolution\":\"E:\\\\Programming\\\\Programming_Projects\\\\amazon-clone\\\\functions\\\\node_modules\\\\firebase-functions\\\\lib\\\\index.js\"}"}}
[debug] [2020-09-17T13:18:57.399Z] [runtime-status] [4344] Resolved module firebase-admin {"declared":true,"installed":true,"version":"8.13.0","resolution":"E:\\Programming\\Programming_Projects\\amazon-clone\\functions\\node_modules\\firebase-admin\\lib\\index.js"} {"metadata":{"emulator":{"name":"functions"},"function":{"name":"api"},"message":"[runtime-status] [4344] Resolved module firebase-admin {\"declared\":true,\"installed\":true,\"version\":\"8.13.0\",\"resolution\":\"E:\\\\Programming\\\\Programming_Projects\\\\amazon-clone\\\\functions\\\\node_modules\\\\firebase-admin\\\\lib\\\\index.js\"}"}}
[debug] [2020-09-17T13:18:57.400Z] [runtime-status] [4344] Resolved module firebase-functions {"declared":true,"installed":true,"version":"3.11.0","resolution":"E:\\Programming\\Programming_Projects\\amazon-clone\\functions\\node_modules\\firebase-functions\\lib\\index.js"} {"metadata":{"emulator":{"name":"functions"},"function":{"name":"api"},"message":"[runtime-status] [4344] Resolved module firebase-functions {\"declared\":true,\"installed\":true,\"version\":\"3.11.0\",\"resolution\":\"E:\\\\Programming\\\\Programming_Projects\\\\amazon-clone\\\\functions\\\\node_modules\\\\firebase-functions\\\\lib\\\\index.js\"}"}}
[debug] [2020-09-17T13:18:57.400Z] [runtime-status] [4344] firebase-admin has been stubbed. {"adminResolution":{"declared":true,"installed":true,"version":"8.13.0","resolution":"E:\\Programming\\Programming_Projects\\amazon-clone\\functions\\node_modules\\firebase-admin\\lib\\index.js"}} {"metadata":{"emulator":{"name":"functions"},"function":{"name":"api"},"message":"[runtime-status] [4344] firebase-admin has been stubbed. {\"adminResolution\":{\"declared\":true,\"installed\":true,\"version\":\"8.13.0\",\"resolution\":\"E:\\\\Programming\\\\Programming_Projects\\\\amazon-clone\\\\functions\\\\node_modules\\\\firebase-admin\\\\lib\\\\index.js\"}}"}}
[debug] [2020-09-17T13:18:57.658Z] [runtime-status] [4344] Trigger "api" has been found, beginning invocation! {"metadata":{"emulator":{"name":"functions"},"function":{"name":"api"},"message":"[runtime-status] [4344] Trigger \"api\" has been found, beginning invocation!"}}
[info] i  functions: Beginning execution of "api" {"metadata":{"emulator":{"name":"functions"},"function":{"name":"api"},"message":"Beginning execution of \"api\""}}
[debug] [2020-09-17T13:18:57.661Z] [runtime-status] [4344] triggerDefinition {"httpsTrigger":{},"name":"api","entryPoint":"api"} {"metadata":{"emulator":{"name":"functions"},"function":{"name":"api"},"message":"[runtime-status] [4344] triggerDefinition {\"httpsTrigger\":{},\"name\":\"api\",\"entryPoint\":\"api\"}"}}
[debug] [2020-09-17T13:18:57.662Z] [runtime-status] [4344] Running api in mode HTTPS {"metadata":{"emulator":{"name":"functions"},"function":{"name":"api"},"message":"[runtime-status] [4344] Running api in mode HTTPS"}}
[debug] [2020-09-17T13:18:57.670Z] [runtime-status] [4344] Attempting to listen to socketPath: \\?\pipe\E:\Programming\Programming_Projects\amazon-clone\functions\4344 {"metadata":{"emulator":{"name":"functions"},"function":{"name":"api"},"message":"[runtime-status] [4344] Attempting to listen to socketPath: \\\\?\\pipe\\E:\\Programming\\Programming_Projects\\amazon-clone\\functions\\4344"}}
[debug] [2020-09-17T13:18:57.674Z] [functions] Runtime ready! Sending request! {"metadata":{"emulator":{"name":"functions"},"message":"[functions] Runtime ready! Sending request!"}}
[debug] [2020-09-17T13:18:57.684Z] [runtime-status] [4344] Ephemeral server handling GET request {"metadata":{"emulator":{"name":"functions"},"function":{"name":"api"},"message":"[runtime-status] [4344] Ephemeral server handling GET request"}}
[debug] [2020-09-17T13:18:57.696Z] [runtime-status] [4344] Ephemeral server survived. {"metadata":{"emulator":{"name":"functions"},"function":{"name":"api"},"message":"[runtime-status] [4344] Ephemeral server survived."}}
[info] i  functions: Finished "api" in ~1s {"metadata":{"emulator":{"name":"functions"},"function":{"name":"api"},"message":"Finished \"api\" in ~1s"}}
[debug] [2020-09-17T13:18:57.706Z] [worker-api-ef318321-58ed-4247-8a56-1200733a4d8b]: IDLE {"metadata":{"emulator":{"name":"functions"},"message":"[worker-api-ef318321-58ed-4247-8a56-1200733a4d8b]: IDLE"}}
[debug] [2020-09-17T13:18:57.706Z] [work-queue] {"queueLength":0,"workRunningCount":0}
[debug] [2020-09-17T13:19:03.623Z] [work-queue] {"queueLength":1,"workRunningCount":0}
[debug] [2020-09-17T13:19:03.624Z] [work-queue] {"queueLength":0,"workRunningCount":1}
[debug] [2020-09-17T13:19:03.624Z] Accepted request GET /clone-590aa/us-central1/api/ahmed --> api
[debug] [2020-09-17T13:19:03.624Z] [worker-pool] submitWork(triggerId=api) {"metadata":{"emulator":{"name":"functions"},"message":"[worker-pool] submitWork(triggerId=api)"}}
[debug] [2020-09-17T13:19:03.625Z] [worker-api-ef318321-58ed-4247-8a56-1200733a4d8b]: Assigning socketPath: \\?\pipe\E:\Programming\Programming_Projects\amazon-clone\functions\4344 {"metadata":{"emulator":{"name":"functions"},"message":"[worker-api-ef318321-58ed-4247-8a56-1200733a4d8b]: Assigning socketPath: \\\\?\\pipe\\E:\\Programming\\Programming_Projects\\amazon-clone\\functions\\4344"}}
[debug] [2020-09-17T13:19:03.625Z] [worker-api-ef318321-58ed-4247-8a56-1200733a4d8b]: BUSY {"metadata":{"emulator":{"name":"functions"},"message":"[worker-api-ef318321-58ed-4247-8a56-1200733a4d8b]: BUSY"}}
[debug] [2020-09-17T13:19:03.626Z] [runtime-status] [4344] Trigger "api" has been found, beginning invocation! {"metadata":{"emulator":{"name":"functions"},"function":{"name":"api"},"message":"[runtime-status] [4344] Trigger \"api\" has been found, beginning invocation!"}}
[info] i  functions: Beginning execution of "api" {"metadata":{"emulator":{"name":"functions"},"function":{"name":"api"},"message":"Beginning execution of \"api\""}}
[debug] [2020-09-17T13:19:03.628Z] [runtime-status] [4344] triggerDefinition {"httpsTrigger":{},"name":"api","entryPoint":"api"} {"metadata":{"emulator":{"name":"functions"},"function":{"name":"api"},"message":"[runtime-status] [4344] triggerDefinition {\"httpsTrigger\":{},\"name\":\"api\",\"entryPoint\":\"api\"}"}}
[debug] [2020-09-17T13:19:03.629Z] [runtime-status] [4344] Running api in mode HTTPS {"metadata":{"emulator":{"name":"functions"},"function":{"name":"api"},"message":"[runtime-status] [4344] Running api in mode HTTPS"}}
[debug] [2020-09-17T13:19:03.629Z] [runtime-status] [4344] Attempting to listen to socketPath: \\?\pipe\E:\Programming\Programming_Projects\amazon-clone\functions\4344 {"metadata":{"emulator":{"name":"functions"},"function":{"name":"api"},"message":"[runtime-status] [4344] Attempting to listen to socketPath: \\\\?\\pipe\\E:\\Programming\\Programming_Projects\\amazon-clone\\functions\\4344"}}
[debug] [2020-09-17T13:19:03.631Z] [functions] Runtime ready! Sending request! {"metadata":{"emulator":{"name":"functions"},"message":"[functions] Runtime ready! Sending request!"}}
[debug] [2020-09-17T13:19:03.635Z] [runtime-status] [4344] Ephemeral server handling GET request {"metadata":{"emulator":{"name":"functions"},"function":{"name":"api"},"message":"[runtime-status] [4344] Ephemeral server handling GET request"}}
[debug] [2020-09-17T13:19:03.638Z] [runtime-status] [4344] Ephemeral server survived. {"metadata":{"emulator":{"name":"functions"},"function":{"name":"api"},"message":"[runtime-status] [4344] Ephemeral server survived."}}
[info] i  functions: Finished "api" in ~1s {"metadata":{"emulator":{"name":"functions"},"function":{"name":"api"},"message":"Finished \"api\" in ~1s"}}
[debug] [2020-09-17T13:19:03.641Z] [worker-api-ef318321-58ed-4247-8a56-1200733a4d8b]: IDLE {"metadata":{"emulator":{"name":"functions"},"message":"[worker-api-ef318321-58ed-4247-8a56-1200733a4d8b]: IDLE"}}
[debug] [2020-09-17T13:19:03.641Z] [work-queue] {"queueLength":0,"workRunningCount":0}
